<!DOCTYPE html PUBLIC "-//W3C//DTD XHTML 1.1//EN" "https://www.w3.org/TR/xhtml11/DTD/xhtml11.dtd">
<html xmlns="https://www.w3.org/1999/xhtml">
<head>
<meta http-equiv="content-type" content="text/html; charset=UTF-8"/>
<title>TestNG Report</title>
<style type="text/css">table {margin-bottom:10px;border-collapse:collapse;empty-cells:show}th,td {border:1px solid #009;padding:.25em .5em}th {vertical-align:bottom}td {vertical-align:top}table a {font-weight:bold}.stripe td {background-color: #E6EBF9}.num {text-align:right}.passedodd td {background-color: #3F3}.passedeven td {background-color: #0A0}.skippedodd td {background-color: #DDD}.skippedeven td {background-color: #CCC}.failedodd td,.attn {background-color: #F33}.failedeven td,.stripe .attn {background-color: #D00}.stacktrace {white-space:pre;font-family:monospace}.totop {font-size:85%;text-align:center;border-bottom:2px solid #000}.invisible {display:none}</style>
</head>
<body>
<table>
<tr><th>Test</th><th># Passed</th><th># Skipped</th><th># Retried</th><th># Failed</th><th>Time (ms)</th><th>Included Groups</th><th>Excluded Groups</th></tr>
<tr><th colspan="8">Suite</th></tr>
<tr><td><a href="#t0">Results</a></td><td class="num">268</td><td class="num">0</td><td class="num">0</td><td class="num attn">14</td><td class="num">37,039,899</td><td></td><td></td></tr>
</table>
<table id='summary'><thead><tr><th>Class</th><th>Method</th><th>Start</th><th>Time (ms)</th></tr></thead><tbody><tr><th colspan="4">Suite</th></tr></tbody><tbody id="t0"><tr><th colspan="4">Results &#8212; failed</th></tr><tr class="failedeven"><td rowspan="14">driver.Driver</td><td><a href="#m0">executeTestcase</a></td><td rowspan="14">1696876957038</td><td rowspan="14">80113</td></tr><tr class="failedeven"><td><a href="#m1">executeTestcase</a></td></tr><tr class="failedeven"><td><a href="#m2">executeTestcase</a></td></tr><tr class="failedeven"><td><a href="#m3">executeTestcase</a></td></tr><tr class="failedeven"><td><a href="#m4">executeTestcase</a></td></tr><tr class="failedeven"><td><a href="#m5">executeTestcase</a></td></tr><tr class="failedeven"><td><a href="#m6">executeTestcase</a></td></tr><tr class="failedeven"><td><a href="#m7">executeTestcase</a></td></tr><tr class="failedeven"><td><a href="#m8">executeTestcase</a></td></tr><tr class="failedeven"><td><a href="#m9">executeTestcase</a></td></tr><tr class="failedeven"><td><a href="#m10">executeTestcase</a></td></tr><tr class="failedeven"><td><a href="#m11">executeTestcase</a></td></tr><tr class="failedeven"><td><a href="#m12">executeTestcase</a></td></tr><tr class="failedeven"><td><a href="#m13">executeTestcase</a></td></tr><tr><th colspan="4">Results &#8212; passed</th></tr><tr class="passedeven"><td rowspan="268">driver.Driver</td><td><a href="#m14">executeTestcase</a></td><td rowspan="268">1696906165246</td><td rowspan="268">0</td></tr><tr class="passedeven"><td><a href="#m15">executeTestcase</a></td></tr><tr class="passedeven"><td><a href="#m16">executeTestcase</a></td></tr><tr class="passedeven"><td><a href="#m17">executeTestcase</a></td></tr><tr class="passedeven"><td><a href="#m18">executeTestcase</a></td></tr><tr class="passedeven"><td><a href="#m19">executeTestcase</a></td></tr><tr class="passedeven"><td><a href="#m20">executeTestcase</a></td></tr><tr class="passedeven"><td><a href="#m21">executeTestcase</a></td></tr><tr class="passedeven"><td><a href="#m22">executeTestcase</a></td></tr><tr class="passedeven"><td><a href="#m23">executeTestcase</a></td></tr><tr class="passedeven"><td><a href="#m24">executeTestcase</a></td></tr><tr class="passedeven"><td><a href="#m25">executeTestcase</a></td></tr><tr class="passedeven"><td><a href="#m26">executeTestcase</a></td></tr><tr class="passedeven"><td><a href="#m27">executeTestcase</a></td></tr><tr class="passedeven"><td><a href="#m28">executeTestcase</a></td></tr><tr class="passedeven"><td><a href="#m29">executeTestcase</a></td></tr><tr class="passedeven"><td><a href="#m30">executeTestcase</a></td></tr><tr class="passedeven"><td><a href="#m31">executeTestcase</a></td></tr><tr class="passedeven"><td><a href="#m32">executeTestcase</a></td></tr><tr class="passedeven"><td><a href="#m33">executeTestcase</a></td></tr><tr class="passedeven"><td><a href="#m34">executeTestcase</a></td></tr><tr class="passedeven"><td><a href="#m35">executeTestcase</a></td></tr><tr class="passedeven"><td><a href="#m36">executeTestcase</a></td></tr><tr class="passedeven"><td><a href="#m37">executeTestcase</a></td></tr><tr class="passedeven"><td><a href="#m38">executeTestcase</a></td></tr><tr class="passedeven"><td><a href="#m39">executeTestcase</a></td></tr><tr class="passedeven"><td><a href="#m40">executeTestcase</a></td></tr><tr class="passedeven"><td><a href="#m41">executeTestcase</a></td></tr><tr class="passedeven"><td><a href="#m42">executeTestcase</a></td></tr><tr class="passedeven"><td><a href="#m43">executeTestcase</a></td></tr><tr class="passedeven"><td><a href="#m44">executeTestcase</a></td></tr><tr class="passedeven"><td><a href="#m45">executeTestcase</a></td></tr><tr class="passedeven"><td><a href="#m46">executeTestcase</a></td></tr><tr class="passedeven"><td><a href="#m47">executeTestcase</a></td></tr><tr class="passedeven"><td><a href="#m48">executeTestcase</a></td></tr><tr class="passedeven"><td><a href="#m49">executeTestcase</a></td></tr><tr class="passedeven"><td><a href="#m50">executeTestcase</a></td></tr><tr class="passedeven"><td><a href="#m51">executeTestcase</a></td></tr><tr class="passedeven"><td><a href="#m52">executeTestcase</a></td></tr><tr class="passedeven"><td><a href="#m53">executeTestcase</a></td></tr><tr class="passedeven"><td><a href="#m54">executeTestcase</a></td></tr><tr class="passedeven"><td><a href="#m55">executeTestcase</a></td></tr><tr class="passedeven"><td><a href="#m56">executeTestcase</a></td></tr><tr class="passedeven"><td><a href="#m57">executeTestcase</a></td></tr><tr class="passedeven"><td><a href="#m58">executeTestcase</a></td></tr><tr class="passedeven"><td><a href="#m59">executeTestcase</a></td></tr><tr class="passedeven"><td><a href="#m60">executeTestcase</a></td></tr><tr class="passedeven"><td><a href="#m61">executeTestcase</a></td></tr><tr class="passedeven"><td><a href="#m62">executeTestcase</a></td></tr><tr class="passedeven"><td><a href="#m63">executeTestcase</a></td></tr><tr class="passedeven"><td><a href="#m64">executeTestcase</a></td></tr><tr class="passedeven"><td><a href="#m65">executeTestcase</a></td></tr><tr class="passedeven"><td><a href="#m66">executeTestcase</a></td></tr><tr class="passedeven"><td><a href="#m67">executeTestcase</a></td></tr><tr class="passedeven"><td><a href="#m68">executeTestcase</a></td></tr><tr class="passedeven"><td><a href="#m69">executeTestcase</a></td></tr><tr class="passedeven"><td><a href="#m70">executeTestcase</a></td></tr><tr class="passedeven"><td><a href="#m71">executeTestcase</a></td></tr><tr class="passedeven"><td><a href="#m72">executeTestcase</a></td></tr><tr class="passedeven"><td><a href="#m73">executeTestcase</a></td></tr><tr class="passedeven"><td><a href="#m74">executeTestcase</a></td></tr><tr class="passedeven"><td><a href="#m75">executeTestcase</a></td></tr><tr class="passedeven"><td><a href="#m76">executeTestcase</a></td></tr><tr class="passedeven"><td><a href="#m77">executeTestcase</a></td></tr><tr class="passedeven"><td><a href="#m78">executeTestcase</a></td></tr><tr class="passedeven"><td><a href="#m79">executeTestcase</a></td></tr><tr class="passedeven"><td><a href="#m80">executeTestcase</a></td></tr><tr class="passedeven"><td><a href="#m81">executeTestcase</a></td></tr><tr class="passedeven"><td><a href="#m82">executeTestcase</a></td></tr><tr class="passedeven"><td><a href="#m83">executeTestcase</a></td></tr><tr class="passedeven"><td><a href="#m84">executeTestcase</a></td></tr><tr class="passedeven"><td><a href="#m85">executeTestcase</a></td></tr><tr class="passedeven"><td><a href="#m86">executeTestcase</a></td></tr><tr class="passedeven"><td><a href="#m87">executeTestcase</a></td></tr><tr class="passedeven"><td><a href="#m88">executeTestcase</a></td></tr><tr class="passedeven"><td><a href="#m89">executeTestcase</a></td></tr><tr class="passedeven"><td><a href="#m90">executeTestcase</a></td></tr><tr class="passedeven"><td><a href="#m91">executeTestcase</a></td></tr><tr class="passedeven"><td><a href="#m92">executeTestcase</a></td></tr><tr class="passedeven"><td><a href="#m93">executeTestcase</a></td></tr><tr class="passedeven"><td><a href="#m94">executeTestcase</a></td></tr><tr class="passedeven"><td><a href="#m95">executeTestcase</a></td></tr><tr class="passedeven"><td><a href="#m96">executeTestcase</a></td></tr><tr class="passedeven"><td><a href="#m97">executeTestcase</a></td></tr><tr class="passedeven"><td><a href="#m98">executeTestcase</a></td></tr><tr class="passedeven"><td><a href="#m99">executeTestcase</a></td></tr><tr class="passedeven"><td><a href="#m100">executeTestcase</a></td></tr><tr class="passedeven"><td><a href="#m101">executeTestcase</a></td></tr><tr class="passedeven"><td><a href="#m102">executeTestcase</a></td></tr><tr class="passedeven"><td><a href="#m103">executeTestcase</a></td></tr><tr class="passedeven"><td><a href="#m104">executeTestcase</a></td></tr><tr class="passedeven"><td><a href="#m105">executeTestcase</a></td></tr><tr class="passedeven"><td><a href="#m106">executeTestcase</a></td></tr><tr class="passedeven"><td><a href="#m107">executeTestcase</a></td></tr><tr class="passedeven"><td><a href="#m108">executeTestcase</a></td></tr><tr class="passedeven"><td><a href="#m109">executeTestcase</a></td></tr><tr class="passedeven"><td><a href="#m110">executeTestcase</a></td></tr><tr class="passedeven"><td><a href="#m111">executeTestcase</a></td></tr><tr class="passedeven"><td><a href="#m112">executeTestcase</a></td></tr><tr class="passedeven"><td><a href="#m113">executeTestcase</a></td></tr><tr class="passedeven"><td><a href="#m114">executeTestcase</a></td></tr><tr class="passedeven"><td><a href="#m115">executeTestcase</a></td></tr><tr class="passedeven"><td><a href="#m116">executeTestcase</a></td></tr><tr class="passedeven"><td><a href="#m117">executeTestcase</a></td></tr><tr class="passedeven"><td><a href="#m118">executeTestcase</a></td></tr><tr class="passedeven"><td><a href="#m119">executeTestcase</a></td></tr><tr class="passedeven"><td><a href="#m120">executeTestcase</a></td></tr><tr class="passedeven"><td><a href="#m121">executeTestcase</a></td></tr><tr class="passedeven"><td><a href="#m122">executeTestcase</a></td></tr><tr class="passedeven"><td><a href="#m123">executeTestcase</a></td></tr><tr class="passedeven"><td><a href="#m124">executeTestcase</a></td></tr><tr class="passedeven"><td><a href="#m125">executeTestcase</a></td></tr><tr class="passedeven"><td><a href="#m126">executeTestcase</a></td></tr><tr class="passedeven"><td><a href="#m127">executeTestcase</a></td></tr><tr class="passedeven"><td><a href="#m128">executeTestcase</a></td></tr><tr class="passedeven"><td><a href="#m129">executeTestcase</a></td></tr><tr class="passedeven"><td><a href="#m130">executeTestcase</a></td></tr><tr class="passedeven"><td><a href="#m131">executeTestcase</a></td></tr><tr class="passedeven"><td><a href="#m132">executeTestcase</a></td></tr><tr class="passedeven"><td><a href="#m133">executeTestcase</a></td></tr><tr class="passedeven"><td><a href="#m134">executeTestcase</a></td></tr><tr class="passedeven"><td><a href="#m135">executeTestcase</a></td></tr><tr class="passedeven"><td><a href="#m136">executeTestcase</a></td></tr><tr class="passedeven"><td><a href="#m137">executeTestcase</a></td></tr><tr class="passedeven"><td><a href="#m138">executeTestcase</a></td></tr><tr class="passedeven"><td><a href="#m139">executeTestcase</a></td></tr><tr class="passedeven"><td><a href="#m140">executeTestcase</a></td></tr><tr class="passedeven"><td><a href="#m141">executeTestcase</a></td></tr><tr class="passedeven"><td><a href="#m142">executeTestcase</a></td></tr><tr class="passedeven"><td><a href="#m143">executeTestcase</a></td></tr><tr class="passedeven"><td><a href="#m144">executeTestcase</a></td></tr><tr class="passedeven"><td><a href="#m145">executeTestcase</a></td></tr><tr class="passedeven"><td><a href="#m146">executeTestcase</a></td></tr><tr class="passedeven"><td><a href="#m147">executeTestcase</a></td></tr><tr class="passedeven"><td><a href="#m148">executeTestcase</a></td></tr><tr class="passedeven"><td><a href="#m149">executeTestcase</a></td></tr><tr class="passedeven"><td><a href="#m150">executeTestcase</a></td></tr><tr class="passedeven"><td><a href="#m151">executeTestcase</a></td></tr><tr class="passedeven"><td><a href="#m152">executeTestcase</a></td></tr><tr class="passedeven"><td><a href="#m153">executeTestcase</a></td></tr><tr class="passedeven"><td><a href="#m154">executeTestcase</a></td></tr><tr class="passedeven"><td><a href="#m155">executeTestcase</a></td></tr><tr class="passedeven"><td><a href="#m156">executeTestcase</a></td></tr><tr class="passedeven"><td><a href="#m157">executeTestcase</a></td></tr><tr class="passedeven"><td><a href="#m158">executeTestcase</a></td></tr><tr class="passedeven"><td><a href="#m159">executeTestcase</a></td></tr><tr class="passedeven"><td><a href="#m160">executeTestcase</a></td></tr><tr class="passedeven"><td><a href="#m161">executeTestcase</a></td></tr><tr class="passedeven"><td><a href="#m162">executeTestcase</a></td></tr><tr class="passedeven"><td><a href="#m163">executeTestcase</a></td></tr><tr class="passedeven"><td><a href="#m164">executeTestcase</a></td></tr><tr class="passedeven"><td><a href="#m165">executeTestcase</a></td></tr><tr class="passedeven"><td><a href="#m166">executeTestcase</a></td></tr><tr class="passedeven"><td><a href="#m167">executeTestcase</a></td></tr><tr class="passedeven"><td><a href="#m168">executeTestcase</a></td></tr><tr class="passedeven"><td><a href="#m169">executeTestcase</a></td></tr><tr class="passedeven"><td><a href="#m170">executeTestcase</a></td></tr><tr class="passedeven"><td><a href="#m171">executeTestcase</a></td></tr><tr class="passedeven"><td><a href="#m172">executeTestcase</a></td></tr><tr class="passedeven"><td><a href="#m173">executeTestcase</a></td></tr><tr class="passedeven"><td><a href="#m174">executeTestcase</a></td></tr><tr class="passedeven"><td><a href="#m175">executeTestcase</a></td></tr><tr class="passedeven"><td><a href="#m176">executeTestcase</a></td></tr><tr class="passedeven"><td><a href="#m177">executeTestcase</a></td></tr><tr class="passedeven"><td><a href="#m178">executeTestcase</a></td></tr><tr class="passedeven"><td><a href="#m179">executeTestcase</a></td></tr><tr class="passedeven"><td><a href="#m180">executeTestcase</a></td></tr><tr class="passedeven"><td><a href="#m181">executeTestcase</a></td></tr><tr class="passedeven"><td><a href="#m182">executeTestcase</a></td></tr><tr class="passedeven"><td><a href="#m183">executeTestcase</a></td></tr><tr class="passedeven"><td><a href="#m184">executeTestcase</a></td></tr><tr class="passedeven"><td><a href="#m185">executeTestcase</a></td></tr><tr class="passedeven"><td><a href="#m186">executeTestcase</a></td></tr><tr class="passedeven"><td><a href="#m187">executeTestcase</a></td></tr><tr class="passedeven"><td><a href="#m188">executeTestcase</a></td></tr><tr class="passedeven"><td><a href="#m189">executeTestcase</a></td></tr><tr class="passedeven"><td><a href="#m190">executeTestcase</a></td></tr><tr class="passedeven"><td><a href="#m191">executeTestcase</a></td></tr><tr class="passedeven"><td><a href="#m192">executeTestcase</a></td></tr><tr class="passedeven"><td><a href="#m193">executeTestcase</a></td></tr><tr class="passedeven"><td><a href="#m194">executeTestcase</a></td></tr><tr class="passedeven"><td><a href="#m195">executeTestcase</a></td></tr><tr class="passedeven"><td><a href="#m196">executeTestcase</a></td></tr><tr class="passedeven"><td><a href="#m197">executeTestcase</a></td></tr><tr class="passedeven"><td><a href="#m198">executeTestcase</a></td></tr><tr class="passedeven"><td><a href="#m199">executeTestcase</a></td></tr><tr class="passedeven"><td><a href="#m200">executeTestcase</a></td></tr><tr class="passedeven"><td><a href="#m201">executeTestcase</a></td></tr><tr class="passedeven"><td><a href="#m202">executeTestcase</a></td></tr><tr class="passedeven"><td><a href="#m203">executeTestcase</a></td></tr><tr class="passedeven"><td><a href="#m204">executeTestcase</a></td></tr><tr class="passedeven"><td><a href="#m205">executeTestcase</a></td></tr><tr class="passedeven"><td><a href="#m206">executeTestcase</a></td></tr><tr class="passedeven"><td><a href="#m207">executeTestcase</a></td></tr><tr class="passedeven"><td><a href="#m208">executeTestcase</a></td></tr><tr class="passedeven"><td><a href="#m209">executeTestcase</a></td></tr><tr class="passedeven"><td><a href="#m210">executeTestcase</a></td></tr><tr class="passedeven"><td><a href="#m211">executeTestcase</a></td></tr><tr class="passedeven"><td><a href="#m212">executeTestcase</a></td></tr><tr class="passedeven"><td><a href="#m213">executeTestcase</a></td></tr><tr class="passedeven"><td><a href="#m214">executeTestcase</a></td></tr><tr class="passedeven"><td><a href="#m215">executeTestcase</a></td></tr><tr class="passedeven"><td><a href="#m216">executeTestcase</a></td></tr><tr class="passedeven"><td><a href="#m217">executeTestcase</a></td></tr><tr class="passedeven"><td><a href="#m218">executeTestcase</a></td></tr><tr class="passedeven"><td><a href="#m219">executeTestcase</a></td></tr><tr class="passedeven"><td><a href="#m220">executeTestcase</a></td></tr><tr class="passedeven"><td><a href="#m221">executeTestcase</a></td></tr><tr class="passedeven"><td><a href="#m222">executeTestcase</a></td></tr><tr class="passedeven"><td><a href="#m223">executeTestcase</a></td></tr><tr class="passedeven"><td><a href="#m224">executeTestcase</a></td></tr><tr class="passedeven"><td><a href="#m225">executeTestcase</a></td></tr><tr class="passedeven"><td><a href="#m226">executeTestcase</a></td></tr><tr class="passedeven"><td><a href="#m227">executeTestcase</a></td></tr><tr class="passedeven"><td><a href="#m228">executeTestcase</a></td></tr><tr class="passedeven"><td><a href="#m229">executeTestcase</a></td></tr><tr class="passedeven"><td><a href="#m230">executeTestcase</a></td></tr><tr class="passedeven"><td><a href="#m231">executeTestcase</a></td></tr><tr class="passedeven"><td><a href="#m232">executeTestcase</a></td></tr><tr class="passedeven"><td><a href="#m233">executeTestcase</a></td></tr><tr class="passedeven"><td><a href="#m234">executeTestcase</a></td></tr><tr class="passedeven"><td><a href="#m235">executeTestcase</a></td></tr><tr class="passedeven"><td><a href="#m236">executeTestcase</a></td></tr><tr class="passedeven"><td><a href="#m237">executeTestcase</a></td></tr><tr class="passedeven"><td><a href="#m238">executeTestcase</a></td></tr><tr class="passedeven"><td><a href="#m239">executeTestcase</a></td></tr><tr class="passedeven"><td><a href="#m240">executeTestcase</a></td></tr><tr class="passedeven"><td><a href="#m241">executeTestcase</a></td></tr><tr class="passedeven"><td><a href="#m242">executeTestcase</a></td></tr><tr class="passedeven"><td><a href="#m243">executeTestcase</a></td></tr><tr class="passedeven"><td><a href="#m244">executeTestcase</a></td></tr><tr class="passedeven"><td><a href="#m245">executeTestcase</a></td></tr><tr class="passedeven"><td><a href="#m246">executeTestcase</a></td></tr><tr class="passedeven"><td><a href="#m247">executeTestcase</a></td></tr><tr class="passedeven"><td><a href="#m248">executeTestcase</a></td></tr><tr class="passedeven"><td><a href="#m249">executeTestcase</a></td></tr><tr class="passedeven"><td><a href="#m250">executeTestcase</a></td></tr><tr class="passedeven"><td><a href="#m251">executeTestcase</a></td></tr><tr class="passedeven"><td><a href="#m252">executeTestcase</a></td></tr><tr class="passedeven"><td><a href="#m253">executeTestcase</a></td></tr><tr class="passedeven"><td><a href="#m254">executeTestcase</a></td></tr><tr class="passedeven"><td><a href="#m255">executeTestcase</a></td></tr><tr class="passedeven"><td><a href="#m256">executeTestcase</a></td></tr><tr class="passedeven"><td><a href="#m257">executeTestcase</a></td></tr><tr class="passedeven"><td><a href="#m258">executeTestcase</a></td></tr><tr class="passedeven"><td><a href="#m259">executeTestcase</a></td></tr><tr class="passedeven"><td><a href="#m260">executeTestcase</a></td></tr><tr class="passedeven"><td><a href="#m261">executeTestcase</a></td></tr><tr class="passedeven"><td><a href="#m262">executeTestcase</a></td></tr><tr class="passedeven"><td><a href="#m263">executeTestcase</a></td></tr><tr class="passedeven"><td><a href="#m264">executeTestcase</a></td></tr><tr class="passedeven"><td><a href="#m265">executeTestcase</a></td></tr><tr class="passedeven"><td><a href="#m266">executeTestcase</a></td></tr><tr class="passedeven"><td><a href="#m267">executeTestcase</a></td></tr><tr class="passedeven"><td><a href="#m268">executeTestcase</a></td></tr><tr class="passedeven"><td><a href="#m269">executeTestcase</a></td></tr><tr class="passedeven"><td><a href="#m270">executeTestcase</a></td></tr><tr class="passedeven"><td><a href="#m271">executeTestcase</a></td></tr><tr class="passedeven"><td><a href="#m272">executeTestcase</a></td></tr><tr class="passedeven"><td><a href="#m273">executeTestcase</a></td></tr><tr class="passedeven"><td><a href="#m274">executeTestcase</a></td></tr><tr class="passedeven"><td><a href="#m275">executeTestcase</a></td></tr><tr class="passedeven"><td><a href="#m276">executeTestcase</a></td></tr><tr class="passedeven"><td><a href="#m277">executeTestcase</a></td></tr><tr class="passedeven"><td><a href="#m278">executeTestcase</a></td></tr><tr class="passedeven"><td><a href="#m279">executeTestcase</a></td></tr><tr class="passedeven"><td><a href="#m280">executeTestcase</a></td></tr><tr class="passedeven"><td><a href="#m281">executeTestcase</a></td></tr></tbody>
</table>
<h2>Results</h2><h3 id="m0">driver.Driver#executeTestcase</h3><table class="result"><tr class="param"><th>Parameter #1</th></tr><tr class="param stripe"><td>org.testng.TestRunner@3faf2e7d</td></tr><tr><th>Exception</th></tr><tr><td><div class="stacktrace">java.lang.reflect.InvocationTargetException
	at driver.Driver.executeTestcase(Driver.java:209)
	at java.base/java.util.ArrayList.forEach(ArrayList.java:1511)
Caused by: org.openqa.selenium.TimeoutException: Expected condition failed: waiting for element to be clickable: [[ChromeDriver: chrome on WINDOWS (353ae38e62e78316250c8a6cdcc0c137)] -&gt; xpath: //*[@data-id=&apos;account|NoRelationship|HomePageGrid|Mscrm.HomepageGrid.account.NewRecord&apos;]] (tried for 30 second(s) with 500 milliseconds interval)
Build info: version: &apos;4.0.0-alpha-1&apos;, revision: &apos;d1d3728cae&apos;, time: &apos;2019-04-24T13:42:21&apos;
System info: host: &apos;Z3P5PUGDEV0059&apos;, ip: &apos;10.99.61.0&apos;, os.name: &apos;Windows 11&apos;, os.arch: &apos;amd64&apos;, os.version: &apos;10.0&apos;, java.version: &apos;19&apos;
Driver info: org.openqa.selenium.support.events.EventFiringWebDriver
Capabilities {acceptInsecureCerts: false, browserName: chrome, browserVersion: 117.0.5938.134, chrome: {chromedriverVersion: 117.0.5938.149 (e3344ddefa1..., userDataDir: E:\vkamala2\AppData\Local\T...}, fedcm:accounts: true, goog:chromeOptions: {debuggerAddress: localhost:61458}, javascriptEnabled: true, networkConnectionEnabled: false, pageLoadStrategy: normal, platform: WINDOWS, platformName: WINDOWS, proxy: Proxy(), setWindowRect: true, strictFileInteractability: false, timeouts: {implicit: 0, pageLoad: 300000, script: 30000}, unhandledPromptBehavior: dismiss and notify, webauthn:extension:credBlob: true, webauthn:extension:largeBlob: true, webauthn:extension:minPinLength: true, webauthn:extension:prf: true, webauthn:virtualAuthenticators: true}
Session ID: 353ae38e62e78316250c8a6cdcc0c137
	at org.openqa.selenium.support.ui.WebDriverWait.timeoutException(WebDriverWait.java:95)
	at org.openqa.selenium.support.ui.FluentWait.until(FluentWait.java:234)
	at pages.AccountsPage.clickNewOnAccountsPage(AccountsPage.java:20)
	at testcases.Member.TestCase_8835.createMemberTP(TestCase_8835.java:23)
	... 28 more
... Removed 28 stack frames</div></td></tr></table><p class="totop"><a href="#summary">back to summary</a></p>
<h3 id="m1">driver.Driver#executeTestcase</h3><table class="result"><tr class="param"><th>Parameter #1</th></tr><tr class="param stripe"><td>org.testng.TestRunner@3faf2e7d</td></tr><tr><th>Exception</th></tr><tr><td><div class="stacktrace">java.lang.reflect.InvocationTargetException
	at driver.Driver.executeTestcase(Driver.java:209)
	at java.base/java.util.ArrayList.forEach(ArrayList.java:1511)
Caused by: org.openqa.selenium.NoSuchElementException: no such element: Unable to locate element: {&quot;method&quot;:&quot;xpath&quot;,&quot;selector&quot;:&quot;//*[contains(@id,&apos;fbo.fieldControl-ix_premierein&apos;)]&quot;}
  (Session info: chrome=117.0.5938.134)
For documentation on this error, please visit: https://www.seleniumhq.org/exceptions/no_such_element.html
Build info: version: &apos;4.0.0-alpha-1&apos;, revision: &apos;d1d3728cae&apos;, time: &apos;2019-04-24T13:42:21&apos;
System info: host: &apos;Z3P5PUGDEV0059&apos;, ip: &apos;10.99.61.0&apos;, os.name: &apos;Windows 11&apos;, os.arch: &apos;amd64&apos;, os.version: &apos;10.0&apos;, java.version: &apos;19&apos;
Driver info: org.openqa.selenium.chrome.ChromeDriver
Capabilities {acceptInsecureCerts: false, browserName: chrome, browserVersion: 117.0.5938.134, chrome: {chromedriverVersion: 117.0.5938.149 (e3344ddefa1..., userDataDir: E:\vkamala2\AppData\Local\T...}, fedcm:accounts: true, goog:chromeOptions: {debuggerAddress: localhost:65001}, javascriptEnabled: true, networkConnectionEnabled: false, pageLoadStrategy: normal, platform: WINDOWS, platformName: WINDOWS, proxy: Proxy(), setWindowRect: true, strictFileInteractability: false, timeouts: {implicit: 0, pageLoad: 300000, script: 30000}, unhandledPromptBehavior: dismiss and notify, webauthn:extension:credBlob: true, webauthn:extension:largeBlob: true, webauthn:extension:minPinLength: true, webauthn:extension:prf: true, webauthn:virtualAuthenticators: true}
Session ID: e86c260656e90cbef4ecedbdf0e0bb47
*** Element info: {Using=xpath, value=//*[contains(@id,&apos;fbo.fieldControl-ix_premierein&apos;)]}
	at org.openqa.selenium.remote.codec.w3c.W3CHttpResponseCodec.createException(W3CHttpResponseCodec.java:190)
	at org.openqa.selenium.remote.codec.w3c.W3CHttpResponseCodec.decode(W3CHttpResponseCodec.java:124)
	at org.openqa.selenium.remote.codec.w3c.W3CHttpResponseCodec.decode(W3CHttpResponseCodec.java:51)
	at org.openqa.selenium.remote.HttpCommandExecutor.execute(HttpCommandExecutor.java:161)
	at org.openqa.selenium.remote.service.DriverCommandExecutor.execute(DriverCommandExecutor.java:83)
	at org.openqa.selenium.remote.RemoteWebDriver.execute(RemoteWebDriver.java:577)
	at org.openqa.selenium.remote.RemoteWebDriver.findElement(RemoteWebDriver.java:328)
	at org.openqa.selenium.remote.RemoteWebDriver.findElementByXPath(RemoteWebDriver.java:446)
	at org.openqa.selenium.By$ByXPath.findElement(By.java:353)
	at org.openqa.selenium.remote.RemoteWebDriver.findElement(RemoteWebDriver.java:320)
	at org.openqa.selenium.support.events.EventFiringWebDriver.lambda$new$1(EventFiringWebDriver.java:106)
	at jdk.proxy2/jdk.proxy2.$Proxy10.findElement(Unknown Source)
	at org.openqa.selenium.support.events.EventFiringWebDriver.findElement(EventFiringWebDriver.java:195)
	at pages.MemberFormPage.selectFBO(MemberFormPage.java:3588)
	at testcases.Member.TestCase_8805.createMemberTP(TestCase_8805.java:38)
	... 28 more
... Removed 33 stack frames</div></td></tr></table><p class="totop"><a href="#summary">back to summary</a></p>
<h3 id="m2">driver.Driver#executeTestcase</h3><table class="result"><tr class="param"><th>Parameter #1</th></tr><tr class="param stripe"><td>org.testng.TestRunner@3faf2e7d</td></tr><tr><th>Exception</th></tr><tr><td><div class="stacktrace">java.lang.reflect.InvocationTargetException
	at driver.Driver.executeTestcase(Driver.java:209)
	at java.base/java.util.ArrayList.forEach(ArrayList.java:1511)
Caused by: org.openqa.selenium.NoSuchElementException: no such element: Unable to locate element: {&quot;method&quot;:&quot;xpath&quot;,&quot;selector&quot;:&quot;//*[@data-id=&apos;ix_iscorporateaccount.fieldControl-checkbox-container&apos;]&quot;}
  (Session info: chrome=117.0.5938.134)
For documentation on this error, please visit: https://www.seleniumhq.org/exceptions/no_such_element.html
Build info: version: &apos;4.0.0-alpha-1&apos;, revision: &apos;d1d3728cae&apos;, time: &apos;2019-04-24T13:42:21&apos;
System info: host: &apos;Z3P5PUGDEV0059&apos;, ip: &apos;10.99.61.0&apos;, os.name: &apos;Windows 11&apos;, os.arch: &apos;amd64&apos;, os.version: &apos;10.0&apos;, java.version: &apos;19&apos;
Driver info: org.openqa.selenium.chrome.ChromeDriver
Capabilities {acceptInsecureCerts: false, browserName: chrome, browserVersion: 117.0.5938.134, chrome: {chromedriverVersion: 117.0.5938.149 (e3344ddefa1..., userDataDir: E:\vkamala2\AppData\Local\T...}, fedcm:accounts: true, goog:chromeOptions: {debuggerAddress: localhost:50283}, javascriptEnabled: true, networkConnectionEnabled: false, pageLoadStrategy: normal, platform: WINDOWS, platformName: WINDOWS, proxy: Proxy(), setWindowRect: true, strictFileInteractability: false, timeouts: {implicit: 0, pageLoad: 300000, script: 30000}, unhandledPromptBehavior: dismiss and notify, webauthn:extension:credBlob: true, webauthn:extension:largeBlob: true, webauthn:extension:minPinLength: true, webauthn:extension:prf: true, webauthn:virtualAuthenticators: true}
Session ID: c9305bf14fd950c860bff61d08ce7bbc
*** Element info: {Using=xpath, value=//*[@data-id=&apos;ix_iscorporateaccount.fieldControl-checkbox-container&apos;]}
	at org.openqa.selenium.remote.codec.w3c.W3CHttpResponseCodec.createException(W3CHttpResponseCodec.java:190)
	at org.openqa.selenium.remote.codec.w3c.W3CHttpResponseCodec.decode(W3CHttpResponseCodec.java:124)
	at org.openqa.selenium.remote.codec.w3c.W3CHttpResponseCodec.decode(W3CHttpResponseCodec.java:51)
	at org.openqa.selenium.remote.HttpCommandExecutor.execute(HttpCommandExecutor.java:161)
	at org.openqa.selenium.remote.service.DriverCommandExecutor.execute(DriverCommandExecutor.java:83)
	at org.openqa.selenium.remote.RemoteWebDriver.execute(RemoteWebDriver.java:577)
	at org.openqa.selenium.remote.RemoteWebDriver.findElement(RemoteWebDriver.java:328)
	at org.openqa.selenium.remote.RemoteWebDriver.findElementByXPath(RemoteWebDriver.java:446)
	at org.openqa.selenium.By$ByXPath.findElement(By.java:353)
	at org.openqa.selenium.remote.RemoteWebDriver.findElement(RemoteWebDriver.java:320)
	at org.openqa.selenium.support.events.EventFiringWebDriver.lambda$new$1(EventFiringWebDriver.java:106)
	at jdk.proxy2/jdk.proxy2.$Proxy10.findElement(Unknown Source)
	at org.openqa.selenium.support.events.EventFiringWebDriver.findElement(EventFiringWebDriver.java:195)
	at pages.MemberFormPage.verifyIsCorporateAccount(MemberFormPage.java:1944)
	at testcases.Member.TestCase_7147.createMemberTP(TestCase_7147.java:120)
	... 28 more
... Removed 33 stack frames</div></td></tr></table><p class="totop"><a href="#summary">back to summary</a></p>
<h3 id="m3">driver.Driver#executeTestcase</h3><table class="result"><tr class="param"><th>Parameter #1</th></tr><tr class="param stripe"><td>org.testng.TestRunner@3faf2e7d</td></tr><tr><th>Exception</th></tr><tr><td><div class="stacktrace">java.lang.reflect.InvocationTargetException
	at driver.Driver.executeTestcase(Driver.java:209)
	at java.base/java.util.ArrayList.forEach(ArrayList.java:1511)
Caused by: java.lang.AssertionError
	at org.junit.Assert.fail(Assert.java:87)
	at org.junit.Assert.assertTrue(Assert.java:42)
	at org.junit.Assert.assertTrue(Assert.java:53)
	at pages.MemberFormPage.verifyAgEffectiveDateAsCurrentDate(MemberFormPage.java:4210)
	at testcases.AGRules.TestCase_8924.createMember(TestCase_8924.java:114)
	... 28 more
... Removed 28 stack frames</div></td></tr></table><p class="totop"><a href="#summary">back to summary</a></p>
<h3 id="m4">driver.Driver#executeTestcase</h3><table class="result"><tr class="param"><th>Parameter #1</th></tr><tr class="param stripe"><td>org.testng.TestRunner@3faf2e7d</td></tr><tr><th>Exception</th></tr><tr><td><div class="stacktrace">java.lang.reflect.InvocationTargetException
	at driver.Driver.executeTestcase(Driver.java:209)
	at java.base/java.util.ArrayList.forEach(ArrayList.java:1511)
Caused by: org.openqa.selenium.NoSuchElementException: no such element: Unable to locate element: {&quot;method&quot;:&quot;xpath&quot;,&quot;selector&quot;:&quot;//*[@data-id=&apos;ix_iscorporateaccount.fieldControl-checkbox-container&apos;]&quot;}
  (Session info: chrome=117.0.5938.134)
For documentation on this error, please visit: https://www.seleniumhq.org/exceptions/no_such_element.html
Build info: version: &apos;4.0.0-alpha-1&apos;, revision: &apos;d1d3728cae&apos;, time: &apos;2019-04-24T13:42:21&apos;
System info: host: &apos;Z3P5PUGDEV0059&apos;, ip: &apos;10.99.61.0&apos;, os.name: &apos;Windows 11&apos;, os.arch: &apos;amd64&apos;, os.version: &apos;10.0&apos;, java.version: &apos;19&apos;
Driver info: org.openqa.selenium.chrome.ChromeDriver
Capabilities {acceptInsecureCerts: false, browserName: chrome, browserVersion: 117.0.5938.134, chrome: {chromedriverVersion: 117.0.5938.149 (e3344ddefa1..., userDataDir: E:\vkamala2\AppData\Local\T...}, fedcm:accounts: true, goog:chromeOptions: {debuggerAddress: localhost:65165}, javascriptEnabled: true, networkConnectionEnabled: false, pageLoadStrategy: normal, platform: WINDOWS, platformName: WINDOWS, proxy: Proxy(), setWindowRect: true, strictFileInteractability: false, timeouts: {implicit: 0, pageLoad: 300000, script: 30000}, unhandledPromptBehavior: dismiss and notify, webauthn:extension:credBlob: true, webauthn:extension:largeBlob: true, webauthn:extension:minPinLength: true, webauthn:extension:prf: true, webauthn:virtualAuthenticators: true}
Session ID: 12e58c0a2739e633cd85c3d9be54450a
*** Element info: {Using=xpath, value=//*[@data-id=&apos;ix_iscorporateaccount.fieldControl-checkbox-container&apos;]}
	at org.openqa.selenium.remote.codec.w3c.W3CHttpResponseCodec.createException(W3CHttpResponseCodec.java:190)
	at org.openqa.selenium.remote.codec.w3c.W3CHttpResponseCodec.decode(W3CHttpResponseCodec.java:124)
	at org.openqa.selenium.remote.codec.w3c.W3CHttpResponseCodec.decode(W3CHttpResponseCodec.java:51)
	at org.openqa.selenium.remote.HttpCommandExecutor.execute(HttpCommandExecutor.java:161)
	at org.openqa.selenium.remote.service.DriverCommandExecutor.execute(DriverCommandExecutor.java:83)
	at org.openqa.selenium.remote.RemoteWebDriver.execute(RemoteWebDriver.java:577)
	at org.openqa.selenium.remote.RemoteWebDriver.findElement(RemoteWebDriver.java:328)
	at org.openqa.selenium.remote.RemoteWebDriver.findElementByXPath(RemoteWebDriver.java:446)
	at org.openqa.selenium.By$ByXPath.findElement(By.java:353)
	at org.openqa.selenium.remote.RemoteWebDriver.findElement(RemoteWebDriver.java:320)
	at org.openqa.selenium.support.events.EventFiringWebDriver.lambda$new$1(EventFiringWebDriver.java:106)
	at jdk.proxy2/jdk.proxy2.$Proxy10.findElement(Unknown Source)
	at org.openqa.selenium.support.events.EventFiringWebDriver.findElement(EventFiringWebDriver.java:195)
	at pages.MemberFormPage.verifyIsCorporateAccount(MemberFormPage.java:1944)
	at testcases.Member.TestCase_8837.creatcreateNewShipToAcc(TestCase_8837.java:114)
	... 28 more
... Removed 33 stack frames</div></td></tr></table><p class="totop"><a href="#summary">back to summary</a></p>
<h3 id="m5">driver.Driver#executeTestcase</h3><table class="result"><tr class="param"><th>Parameter #1</th></tr><tr class="param stripe"><td>org.testng.TestRunner@3faf2e7d</td></tr><tr><th>Exception</th></tr><tr><td><div class="stacktrace">java.lang.reflect.InvocationTargetException
	at driver.Driver.executeTestcase(Driver.java:209)
	at java.base/java.util.ArrayList.forEach(ArrayList.java:1511)
Caused by: org.openqa.selenium.NoSuchElementException: no such element: Unable to locate element: {&quot;method&quot;:&quot;xpath&quot;,&quot;selector&quot;:&quot;//*[@data-id=&apos;ix_iscorporateaccount.fieldControl-checkbox-container&apos;]&quot;}
  (Session info: chrome=117.0.5938.134)
For documentation on this error, please visit: https://www.seleniumhq.org/exceptions/no_such_element.html
Build info: version: &apos;4.0.0-alpha-1&apos;, revision: &apos;d1d3728cae&apos;, time: &apos;2019-04-24T13:42:21&apos;
System info: host: &apos;Z3P5PUGDEV0059&apos;, ip: &apos;10.99.61.0&apos;, os.name: &apos;Windows 11&apos;, os.arch: &apos;amd64&apos;, os.version: &apos;10.0&apos;, java.version: &apos;19&apos;
Driver info: org.openqa.selenium.chrome.ChromeDriver
Capabilities {acceptInsecureCerts: false, browserName: chrome, browserVersion: 117.0.5938.134, chrome: {chromedriverVersion: 117.0.5938.149 (e3344ddefa1..., userDataDir: E:\vkamala2\AppData\Local\T...}, fedcm:accounts: true, goog:chromeOptions: {debuggerAddress: localhost:53874}, javascriptEnabled: true, networkConnectionEnabled: false, pageLoadStrategy: normal, platform: WINDOWS, platformName: WINDOWS, proxy: Proxy(), setWindowRect: true, strictFileInteractability: false, timeouts: {implicit: 0, pageLoad: 300000, script: 30000}, unhandledPromptBehavior: dismiss and notify, webauthn:extension:credBlob: true, webauthn:extension:largeBlob: true, webauthn:extension:minPinLength: true, webauthn:extension:prf: true, webauthn:virtualAuthenticators: true}
Session ID: e2b489d9a41121755a057022783d9e5b
*** Element info: {Using=xpath, value=//*[@data-id=&apos;ix_iscorporateaccount.fieldControl-checkbox-container&apos;]}
	at org.openqa.selenium.remote.codec.w3c.W3CHttpResponseCodec.createException(W3CHttpResponseCodec.java:190)
	at org.openqa.selenium.remote.codec.w3c.W3CHttpResponseCodec.decode(W3CHttpResponseCodec.java:124)
	at org.openqa.selenium.remote.codec.w3c.W3CHttpResponseCodec.decode(W3CHttpResponseCodec.java:51)
	at org.openqa.selenium.remote.HttpCommandExecutor.execute(HttpCommandExecutor.java:161)
	at org.openqa.selenium.remote.service.DriverCommandExecutor.execute(DriverCommandExecutor.java:83)
	at org.openqa.selenium.remote.RemoteWebDriver.execute(RemoteWebDriver.java:577)
	at org.openqa.selenium.remote.RemoteWebDriver.findElement(RemoteWebDriver.java:328)
	at org.openqa.selenium.remote.RemoteWebDriver.findElementByXPath(RemoteWebDriver.java:446)
	at org.openqa.selenium.By$ByXPath.findElement(By.java:353)
	at org.openqa.selenium.remote.RemoteWebDriver.findElement(RemoteWebDriver.java:320)
	at org.openqa.selenium.support.events.EventFiringWebDriver.lambda$new$1(EventFiringWebDriver.java:106)
	at jdk.proxy2/jdk.proxy2.$Proxy10.findElement(Unknown Source)
	at org.openqa.selenium.support.events.EventFiringWebDriver.findElement(EventFiringWebDriver.java:195)
	at pages.MemberFormPage.verifyIsCorporateAccount(MemberFormPage.java:1944)
	at testcases.Member.TestCase_7149.createMemberTP(TestCase_7149.java:104)
	... 28 more
... Removed 33 stack frames</div></td></tr></table><p class="totop"><a href="#summary">back to summary</a></p>
<h3 id="m6">driver.Driver#executeTestcase</h3><table class="result"><tr class="param"><th>Parameter #1</th></tr><tr class="param stripe"><td>org.testng.TestRunner@3faf2e7d</td></tr><tr><th>Exception</th></tr><tr><td><div class="stacktrace">java.lang.reflect.InvocationTargetException
	at driver.Driver.executeTestcase(Driver.java:209)
	at java.base/java.util.ArrayList.forEach(ArrayList.java:1511)
Caused by: java.lang.AssertionError
	at org.junit.Assert.fail(Assert.java:87)
	at org.junit.Assert.assertTrue(Assert.java:42)
	at org.junit.Assert.assertTrue(Assert.java:53)
	at pages.MemberFormPage.verifyEntityCode(MemberFormPage.java:1881)
	at testcases.Member.TestCase_7151.createNewBillToAcc(TestCase_7151.java:99)
	... 28 more
... Removed 28 stack frames</div></td></tr></table><p class="totop"><a href="#summary">back to summary</a></p>
<h3 id="m7">driver.Driver#executeTestcase</h3><table class="result"><tr class="param"><th>Parameter #1</th></tr><tr class="param stripe"><td>org.testng.TestRunner@3faf2e7d</td></tr><tr><th>Exception</th></tr><tr><td><div class="stacktrace">java.lang.reflect.InvocationTargetException
	at driver.Driver.executeTestcase(Driver.java:209)
	at java.base/java.util.ArrayList.forEach(ArrayList.java:1511)
Caused by: org.openqa.selenium.NoSuchElementException: no such element: Unable to locate element: {&quot;method&quot;:&quot;xpath&quot;,&quot;selector&quot;:&quot;//span[contains(text(),&apos;National&apos;) and contains(@data-id,&apos;MembershipSubGrid&apos;)]&quot;}
  (Session info: chrome=117.0.5938.134)
For documentation on this error, please visit: https://www.seleniumhq.org/exceptions/no_such_element.html
Build info: version: &apos;4.0.0-alpha-1&apos;, revision: &apos;d1d3728cae&apos;, time: &apos;2019-04-24T13:42:21&apos;
System info: host: &apos;Z3P5PUGDEV0059&apos;, ip: &apos;10.99.61.0&apos;, os.name: &apos;Windows 11&apos;, os.arch: &apos;amd64&apos;, os.version: &apos;10.0&apos;, java.version: &apos;19&apos;
Driver info: org.openqa.selenium.chrome.ChromeDriver
Capabilities {acceptInsecureCerts: false, browserName: chrome, browserVersion: 117.0.5938.134, chrome: {chromedriverVersion: 117.0.5938.149 (e3344ddefa1..., userDataDir: E:\vkamala2\AppData\Local\T...}, fedcm:accounts: true, goog:chromeOptions: {debuggerAddress: localhost:64539}, javascriptEnabled: true, networkConnectionEnabled: false, pageLoadStrategy: normal, platform: WINDOWS, platformName: WINDOWS, proxy: Proxy(), setWindowRect: true, strictFileInteractability: false, timeouts: {implicit: 0, pageLoad: 300000, script: 30000}, unhandledPromptBehavior: dismiss and notify, webauthn:extension:credBlob: true, webauthn:extension:largeBlob: true, webauthn:extension:minPinLength: true, webauthn:extension:prf: true, webauthn:virtualAuthenticators: true}
Session ID: ee7b3f50374887aa097a529a79cc87e2
*** Element info: {Using=xpath, value=//span[contains(text(),&apos;National&apos;) and contains(@data-id,&apos;MembershipSubGrid&apos;)]}
	at org.openqa.selenium.remote.codec.w3c.W3CHttpResponseCodec.createException(W3CHttpResponseCodec.java:190)
	at org.openqa.selenium.remote.codec.w3c.W3CHttpResponseCodec.decode(W3CHttpResponseCodec.java:124)
	at org.openqa.selenium.remote.codec.w3c.W3CHttpResponseCodec.decode(W3CHttpResponseCodec.java:51)
	at org.openqa.selenium.remote.HttpCommandExecutor.execute(HttpCommandExecutor.java:161)
	at org.openqa.selenium.remote.service.DriverCommandExecutor.execute(DriverCommandExecutor.java:83)
	at org.openqa.selenium.remote.RemoteWebDriver.execute(RemoteWebDriver.java:577)
	at org.openqa.selenium.remote.RemoteWebDriver.findElement(RemoteWebDriver.java:328)
	at org.openqa.selenium.remote.RemoteWebDriver.findElementByXPath(RemoteWebDriver.java:446)
	at org.openqa.selenium.By$ByXPath.findElement(By.java:353)
	at org.openqa.selenium.remote.RemoteWebDriver.findElement(RemoteWebDriver.java:320)
	at org.openqa.selenium.support.events.EventFiringWebDriver.lambda$new$1(EventFiringWebDriver.java:106)
	at jdk.proxy2/jdk.proxy2.$Proxy10.findElement(Unknown Source)
	at org.openqa.selenium.support.events.EventFiringWebDriver.findElement(EventFiringWebDriver.java:195)
	at pages.MemberFormPage.goToMembershipPage(MemberFormPage.java:2896)
	at testcases.Member.TestCase_9628.test9628(TestCase_9628.java:33)
	... 28 more
... Removed 33 stack frames</div></td></tr></table><p class="totop"><a href="#summary">back to summary</a></p>
<h3 id="m8">driver.Driver#executeTestcase</h3><table class="result"><tr class="param"><th>Parameter #1</th></tr><tr class="param stripe"><td>org.testng.TestRunner@3faf2e7d</td></tr><tr><th>Exception</th></tr><tr><td><div class="stacktrace">java.lang.reflect.InvocationTargetException
	at driver.Driver.executeTestcase(Driver.java:209)
	at java.base/java.util.ArrayList.forEach(ArrayList.java:1511)
Caused by: org.openqa.selenium.NoSuchElementException: no such element: Unable to locate element: {&quot;method&quot;:&quot;xpath&quot;,&quot;selector&quot;:&quot;//*[@data-id=&apos;ix_portfolio.fieldControl-option-set-select&apos;]&quot;}
  (Session info: chrome=117.0.5938.134)
For documentation on this error, please visit: https://www.seleniumhq.org/exceptions/no_such_element.html
Build info: version: &apos;4.0.0-alpha-1&apos;, revision: &apos;d1d3728cae&apos;, time: &apos;2019-04-24T13:42:21&apos;
System info: host: &apos;Z3P5PUGDEV0059&apos;, ip: &apos;10.99.61.0&apos;, os.name: &apos;Windows 11&apos;, os.arch: &apos;amd64&apos;, os.version: &apos;10.0&apos;, java.version: &apos;19&apos;
Driver info: org.openqa.selenium.chrome.ChromeDriver
Capabilities {acceptInsecureCerts: false, browserName: chrome, browserVersion: 117.0.5938.134, chrome: {chromedriverVersion: 117.0.5938.149 (e3344ddefa1..., userDataDir: E:\vkamala2\AppData\Local\T...}, fedcm:accounts: true, goog:chromeOptions: {debuggerAddress: localhost:61227}, javascriptEnabled: true, networkConnectionEnabled: false, pageLoadStrategy: normal, platform: WINDOWS, platformName: WINDOWS, proxy: Proxy(), setWindowRect: true, strictFileInteractability: false, timeouts: {implicit: 0, pageLoad: 300000, script: 30000}, unhandledPromptBehavior: dismiss and notify, webauthn:extension:credBlob: true, webauthn:extension:largeBlob: true, webauthn:extension:minPinLength: true, webauthn:extension:prf: true, webauthn:virtualAuthenticators: true}
Session ID: 1c0f27f7671d8bfc5c02b5e9e4191eda
*** Element info: {Using=xpath, value=//*[@data-id=&apos;ix_portfolio.fieldControl-option-set-select&apos;]}
	at org.openqa.selenium.remote.codec.w3c.W3CHttpResponseCodec.createException(W3CHttpResponseCodec.java:190)
	at org.openqa.selenium.remote.codec.w3c.W3CHttpResponseCodec.decode(W3CHttpResponseCodec.java:124)
	at org.openqa.selenium.remote.codec.w3c.W3CHttpResponseCodec.decode(W3CHttpResponseCodec.java:51)
	at org.openqa.selenium.remote.HttpCommandExecutor.execute(HttpCommandExecutor.java:161)
	at org.openqa.selenium.remote.service.DriverCommandExecutor.execute(DriverCommandExecutor.java:83)
	at org.openqa.selenium.remote.RemoteWebDriver.execute(RemoteWebDriver.java:577)
	at org.openqa.selenium.remote.RemoteWebDriver.findElement(RemoteWebDriver.java:328)
	at org.openqa.selenium.remote.RemoteWebDriver.findElementByXPath(RemoteWebDriver.java:446)
	at org.openqa.selenium.By$ByXPath.findElement(By.java:353)
	at org.openqa.selenium.remote.RemoteWebDriver.findElement(RemoteWebDriver.java:320)
	at org.openqa.selenium.support.events.EventFiringWebDriver.lambda$new$1(EventFiringWebDriver.java:106)
	at jdk.proxy2/jdk.proxy2.$Proxy10.findElement(Unknown Source)
	at org.openqa.selenium.support.events.EventFiringWebDriver.findElement(EventFiringWebDriver.java:195)
	at pages.MemberFormPage.selectLineOfBusiness(MemberFormPage.java:2320)
	at testcases.Member.TestCase_8785.test8785(TestCase_8785.java:131)
	... 28 more
... Removed 33 stack frames</div></td></tr></table><p class="totop"><a href="#summary">back to summary</a></p>
<h3 id="m9">driver.Driver#executeTestcase</h3><table class="result"><tr class="param"><th>Parameter #1</th></tr><tr class="param stripe"><td>org.testng.TestRunner@3faf2e7d</td></tr><tr><th>Exception</th></tr><tr><td><div class="stacktrace">java.lang.reflect.InvocationTargetException
	at driver.Driver.executeTestcase(Driver.java:209)
	at java.base/java.util.ArrayList.forEach(ArrayList.java:1511)
Caused by: org.openqa.selenium.NoSuchElementException: no such element: Unable to locate element: {&quot;method&quot;:&quot;xpath&quot;,&quot;selector&quot;:&quot;//*[contains(@id,&apos;ix_classoftradedetail.fieldControl-ix_parent&apos;)]&quot;}
  (Session info: chrome=117.0.5938.134)
For documentation on this error, please visit: https://www.seleniumhq.org/exceptions/no_such_element.html
Build info: version: &apos;4.0.0-alpha-1&apos;, revision: &apos;d1d3728cae&apos;, time: &apos;2019-04-24T13:42:21&apos;
System info: host: &apos;Z3P5PUGDEV0059&apos;, ip: &apos;10.99.61.0&apos;, os.name: &apos;Windows 11&apos;, os.arch: &apos;amd64&apos;, os.version: &apos;10.0&apos;, java.version: &apos;19&apos;
Driver info: org.openqa.selenium.chrome.ChromeDriver
Capabilities {acceptInsecureCerts: false, browserName: chrome, browserVersion: 117.0.5938.134, chrome: {chromedriverVersion: 117.0.5938.149 (e3344ddefa1..., userDataDir: E:\vkamala2\AppData\Local\T...}, fedcm:accounts: true, goog:chromeOptions: {debuggerAddress: localhost:57168}, javascriptEnabled: true, networkConnectionEnabled: false, pageLoadStrategy: normal, platform: WINDOWS, platformName: WINDOWS, proxy: Proxy(), setWindowRect: true, strictFileInteractability: false, timeouts: {implicit: 0, pageLoad: 300000, script: 30000}, unhandledPromptBehavior: dismiss and notify, webauthn:extension:credBlob: true, webauthn:extension:largeBlob: true, webauthn:extension:minPinLength: true, webauthn:extension:prf: true, webauthn:virtualAuthenticators: true}
Session ID: c571dbb602ee12d096095fe3ee1daf11
*** Element info: {Using=xpath, value=//*[contains(@id,&apos;ix_classoftradedetail.fieldControl-ix_parent&apos;)]}
	at org.openqa.selenium.remote.codec.w3c.W3CHttpResponseCodec.createException(W3CHttpResponseCodec.java:190)
	at org.openqa.selenium.remote.codec.w3c.W3CHttpResponseCodec.decode(W3CHttpResponseCodec.java:124)
	at org.openqa.selenium.remote.codec.w3c.W3CHttpResponseCodec.decode(W3CHttpResponseCodec.java:51)
	at org.openqa.selenium.remote.HttpCommandExecutor.execute(HttpCommandExecutor.java:161)
	at org.openqa.selenium.remote.service.DriverCommandExecutor.execute(DriverCommandExecutor.java:83)
	at org.openqa.selenium.remote.RemoteWebDriver.execute(RemoteWebDriver.java:577)
	at org.openqa.selenium.remote.RemoteWebDriver.findElement(RemoteWebDriver.java:328)
	at org.openqa.selenium.remote.RemoteWebDriver.findElementByXPath(RemoteWebDriver.java:446)
	at org.openqa.selenium.By$ByXPath.findElement(By.java:353)
	at org.openqa.selenium.remote.RemoteWebDriver.findElement(RemoteWebDriver.java:320)
	at org.openqa.selenium.support.events.EventFiringWebDriver.lambda$new$1(EventFiringWebDriver.java:106)
	at jdk.proxy2/jdk.proxy2.$Proxy10.findElement(Unknown Source)
	at org.openqa.selenium.support.events.EventFiringWebDriver.findElement(EventFiringWebDriver.java:195)
	at pages.MemberFormPage.selectClassOfTrade(MemberFormPage.java:357)
	at testcases.MemberEntryForm.TestCase_7140.createMember(TestCase_7140.java:46)
	... 28 more
... Removed 33 stack frames</div></td></tr></table><p class="totop"><a href="#summary">back to summary</a></p>
<h3 id="m10">driver.Driver#executeTestcase</h3><table class="result"><tr class="param"><th>Parameter #1</th></tr><tr class="param stripe"><td>org.testng.TestRunner@3faf2e7d</td></tr><tr><th>Exception</th></tr><tr><td><div class="stacktrace">java.lang.reflect.InvocationTargetException
	at driver.Driver.executeTestcase(Driver.java:209)
	at java.base/java.util.ArrayList.forEach(ArrayList.java:1511)
Caused by: org.openqa.selenium.NoSuchElementException: no such element: Unable to locate element: {&quot;method&quot;:&quot;xpath&quot;,&quot;selector&quot;:&quot;//*[@data-id=&apos;ix_iscorporateaccount.fieldControl-checkbox-container&apos;]&quot;}
  (Session info: chrome=117.0.5938.134)
For documentation on this error, please visit: https://www.seleniumhq.org/exceptions/no_such_element.html
Build info: version: &apos;4.0.0-alpha-1&apos;, revision: &apos;d1d3728cae&apos;, time: &apos;2019-04-24T13:42:21&apos;
System info: host: &apos;Z3P5PUGDEV0059&apos;, ip: &apos;10.99.61.0&apos;, os.name: &apos;Windows 11&apos;, os.arch: &apos;amd64&apos;, os.version: &apos;10.0&apos;, java.version: &apos;19&apos;
Driver info: org.openqa.selenium.chrome.ChromeDriver
Capabilities {acceptInsecureCerts: false, browserName: chrome, browserVersion: 117.0.5938.134, chrome: {chromedriverVersion: 117.0.5938.149 (e3344ddefa1..., userDataDir: E:\vkamala2\AppData\Local\T...}, fedcm:accounts: true, goog:chromeOptions: {debuggerAddress: localhost:55653}, javascriptEnabled: true, networkConnectionEnabled: false, pageLoadStrategy: normal, platform: WINDOWS, platformName: WINDOWS, proxy: Proxy(), setWindowRect: true, strictFileInteractability: false, timeouts: {implicit: 0, pageLoad: 300000, script: 30000}, unhandledPromptBehavior: dismiss and notify, webauthn:extension:credBlob: true, webauthn:extension:largeBlob: true, webauthn:extension:minPinLength: true, webauthn:extension:prf: true, webauthn:virtualAuthenticators: true}
Session ID: 16b5da4e005b022f38a374e20f683324
*** Element info: {Using=xpath, value=//*[@data-id=&apos;ix_iscorporateaccount.fieldControl-checkbox-container&apos;]}
	at org.openqa.selenium.remote.codec.w3c.W3CHttpResponseCodec.createException(W3CHttpResponseCodec.java:190)
	at org.openqa.selenium.remote.codec.w3c.W3CHttpResponseCodec.decode(W3CHttpResponseCodec.java:124)
	at org.openqa.selenium.remote.codec.w3c.W3CHttpResponseCodec.decode(W3CHttpResponseCodec.java:51)
	at org.openqa.selenium.remote.HttpCommandExecutor.execute(HttpCommandExecutor.java:161)
	at org.openqa.selenium.remote.service.DriverCommandExecutor.execute(DriverCommandExecutor.java:83)
	at org.openqa.selenium.remote.RemoteWebDriver.execute(RemoteWebDriver.java:577)
	at org.openqa.selenium.remote.RemoteWebDriver.findElement(RemoteWebDriver.java:328)
	at org.openqa.selenium.remote.RemoteWebDriver.findElementByXPath(RemoteWebDriver.java:446)
	at org.openqa.selenium.By$ByXPath.findElement(By.java:353)
	at org.openqa.selenium.remote.RemoteWebDriver.findElement(RemoteWebDriver.java:320)
	at org.openqa.selenium.support.events.EventFiringWebDriver.lambda$new$1(EventFiringWebDriver.java:106)
	at jdk.proxy2/jdk.proxy2.$Proxy10.findElement(Unknown Source)
	at org.openqa.selenium.support.events.EventFiringWebDriver.findElement(EventFiringWebDriver.java:195)
	at pages.MemberFormPage.verifyIsCorporateAccount(MemberFormPage.java:1944)
	at testcases.Member.TestCase_7150.createMemberTP(TestCase_7150.java:107)
	... 28 more
... Removed 33 stack frames</div></td></tr></table><p class="totop"><a href="#summary">back to summary</a></p>
<h3 id="m11">driver.Driver#executeTestcase</h3><table class="result"><tr class="param"><th>Parameter #1</th></tr><tr class="param stripe"><td>org.testng.TestRunner@3faf2e7d</td></tr><tr><th>Exception</th></tr><tr><td><div class="stacktrace">java.lang.reflect.InvocationTargetException
	at driver.Driver.executeTestcase(Driver.java:209)
	at java.base/java.util.ArrayList.forEach(ArrayList.java:1511)
Caused by: org.openqa.selenium.NoSuchElementException: no such element: Unable to locate element: {&quot;method&quot;:&quot;xpath&quot;,&quot;selector&quot;:&quot;//*[@data-id=&apos;cancelButton&apos;]&quot;}
  (Session info: chrome=117.0.5938.134)
For documentation on this error, please visit: https://www.seleniumhq.org/exceptions/no_such_element.html
Build info: version: &apos;4.0.0-alpha-1&apos;, revision: &apos;d1d3728cae&apos;, time: &apos;2019-04-24T13:42:21&apos;
System info: host: &apos;Z3P5PUGDEV0059&apos;, ip: &apos;10.99.61.0&apos;, os.name: &apos;Windows 11&apos;, os.arch: &apos;amd64&apos;, os.version: &apos;10.0&apos;, java.version: &apos;19&apos;
Driver info: org.openqa.selenium.chrome.ChromeDriver
Capabilities {acceptInsecureCerts: false, browserName: chrome, browserVersion: 117.0.5938.134, chrome: {chromedriverVersion: 117.0.5938.149 (e3344ddefa1..., userDataDir: E:\vkamala2\AppData\Local\T...}, fedcm:accounts: true, goog:chromeOptions: {debuggerAddress: localhost:52279}, javascriptEnabled: true, networkConnectionEnabled: false, pageLoadStrategy: normal, platform: WINDOWS, platformName: WINDOWS, proxy: Proxy(), setWindowRect: true, strictFileInteractability: false, timeouts: {implicit: 0, pageLoad: 300000, script: 30000}, unhandledPromptBehavior: dismiss and notify, webauthn:extension:credBlob: true, webauthn:extension:largeBlob: true, webauthn:extension:minPinLength: true, webauthn:extension:prf: true, webauthn:virtualAuthenticators: true}
Session ID: a5fb997fd892e9b41dad7631d285cf1a
*** Element info: {Using=xpath, value=//*[@data-id=&apos;cancelButton&apos;]}
	at org.openqa.selenium.remote.codec.w3c.W3CHttpResponseCodec.createException(W3CHttpResponseCodec.java:190)
	at org.openqa.selenium.remote.codec.w3c.W3CHttpResponseCodec.decode(W3CHttpResponseCodec.java:124)
	at org.openqa.selenium.remote.codec.w3c.W3CHttpResponseCodec.decode(W3CHttpResponseCodec.java:51)
	at org.openqa.selenium.remote.HttpCommandExecutor.execute(HttpCommandExecutor.java:161)
	at org.openqa.selenium.remote.service.DriverCommandExecutor.execute(DriverCommandExecutor.java:83)
	at org.openqa.selenium.remote.RemoteWebDriver.execute(RemoteWebDriver.java:577)
	at org.openqa.selenium.remote.RemoteWebDriver.findElement(RemoteWebDriver.java:328)
	at org.openqa.selenium.remote.RemoteWebDriver.findElementByXPath(RemoteWebDriver.java:446)
	at org.openqa.selenium.By$ByXPath.findElement(By.java:353)
	at org.openqa.selenium.remote.RemoteWebDriver.findElement(RemoteWebDriver.java:320)
	at org.openqa.selenium.support.events.EventFiringWebDriver.lambda$new$1(EventFiringWebDriver.java:106)
	at jdk.proxy2/jdk.proxy2.$Proxy10.findElement(Unknown Source)
	at org.openqa.selenium.support.events.EventFiringWebDriver.findElement(EventFiringWebDriver.java:195)
	at pages.MemberFormPage.clickOnDiscardChanges(MemberFormPage.java:4742)
	at testcases.Member.TestCase_8784.createMember(TestCase_8784.java:126)
	... 28 more
... Removed 33 stack frames</div></td></tr></table><p class="totop"><a href="#summary">back to summary</a></p>
<h3 id="m12">driver.Driver#executeTestcase</h3><table class="result"><tr class="param"><th>Parameter #1</th></tr><tr class="param stripe"><td>org.testng.TestRunner@3faf2e7d</td></tr><tr><th>Exception</th></tr><tr><td><div class="stacktrace">java.lang.reflect.InvocationTargetException
	at driver.Driver.executeTestcase(Driver.java:209)
	at java.base/java.util.ArrayList.forEach(ArrayList.java:1511)
Caused by: org.openqa.selenium.StaleElementReferenceException: stale element reference: stale element not found
  (Session info: chrome=117.0.5938.134)
For documentation on this error, please visit: https://www.seleniumhq.org/exceptions/stale_element_reference.html
Build info: version: &apos;4.0.0-alpha-1&apos;, revision: &apos;d1d3728cae&apos;, time: &apos;2019-04-24T13:42:21&apos;
System info: host: &apos;Z3P5PUGDEV0059&apos;, ip: &apos;10.99.61.0&apos;, os.name: &apos;Windows 11&apos;, os.arch: &apos;amd64&apos;, os.version: &apos;10.0&apos;, java.version: &apos;19&apos;
Driver info: org.openqa.selenium.chrome.ChromeDriver
Capabilities {acceptInsecureCerts: false, browserName: chrome, browserVersion: 117.0.5938.134, chrome: {chromedriverVersion: 117.0.5938.149 (e3344ddefa1..., userDataDir: E:\vkamala2\AppData\Local\T...}, fedcm:accounts: true, goog:chromeOptions: {debuggerAddress: localhost:57071}, javascriptEnabled: true, networkConnectionEnabled: false, pageLoadStrategy: normal, platform: WINDOWS, platformName: WINDOWS, proxy: Proxy(), setWindowRect: true, strictFileInteractability: false, timeouts: {implicit: 0, pageLoad: 300000, script: 30000}, unhandledPromptBehavior: dismiss and notify, webauthn:extension:credBlob: true, webauthn:extension:largeBlob: true, webauthn:extension:minPinLength: true, webauthn:extension:prf: true, webauthn:virtualAuthenticators: true}
Session ID: c0a1084a0f86bb5d9b691c573bc57874
	at org.openqa.selenium.remote.codec.w3c.W3CHttpResponseCodec.createException(W3CHttpResponseCodec.java:190)
	at org.openqa.selenium.remote.codec.w3c.W3CHttpResponseCodec.decode(W3CHttpResponseCodec.java:124)
	at org.openqa.selenium.remote.codec.w3c.W3CHttpResponseCodec.decode(W3CHttpResponseCodec.java:51)
	at org.openqa.selenium.remote.HttpCommandExecutor.execute(HttpCommandExecutor.java:161)
	at org.openqa.selenium.remote.service.DriverCommandExecutor.execute(DriverCommandExecutor.java:83)
	at org.openqa.selenium.remote.RemoteWebDriver.execute(RemoteWebDriver.java:577)
	at org.openqa.selenium.remote.RemoteWebElement.execute(RemoteWebElement.java:308)
	at org.openqa.selenium.remote.RemoteWebElement.isDisplayed(RemoteWebElement.java:355)
	at org.openqa.selenium.support.events.EventFiringWebDriver$EventFiringWebElement.lambda$new$0(EventFiringWebDriver.java:405)
	at jdk.proxy2/jdk.proxy2.$Proxy11.isDisplayed(Unknown Source)
	at org.openqa.selenium.support.events.EventFiringWebDriver$EventFiringWebElement.isDisplayed(EventFiringWebDriver.java:471)
	at org.openqa.selenium.support.ui.ExpectedConditions.elementIfVisible(ExpectedConditions.java:314)
	at org.openqa.selenium.support.ui.ExpectedConditions.access$000(ExpectedConditions.java:43)
	at org.openqa.selenium.support.ui.ExpectedConditions$10.apply(ExpectedConditions.java:300)
	at org.openqa.selenium.support.ui.ExpectedConditions$10.apply(ExpectedConditions.java:297)
	at org.openqa.selenium.support.ui.ExpectedConditions$23.apply(ExpectedConditions.java:670)
	at org.openqa.selenium.support.ui.ExpectedConditions$23.apply(ExpectedConditions.java:666)
	at org.openqa.selenium.support.ui.FluentWait.until(FluentWait.java:211)
	at pages.LoginPage.typePassword(LoginPage.java:63)
	at testcases.MemberEntryForm.TestCase_7139.createMemberTP(TestCase_7139.java:20)
	... 28 more
... Removed 33 stack frames</div></td></tr></table><p class="totop"><a href="#summary">back to summary</a></p>
<h3 id="m13">driver.Driver#executeTestcase</h3><table class="result"><tr class="param"><th>Parameter #1</th></tr><tr class="param stripe"><td>org.testng.TestRunner@3faf2e7d</td></tr><tr><th>Exception</th></tr><tr><td><div class="stacktrace">java.lang.reflect.InvocationTargetException
	at driver.Driver.executeTestcase(Driver.java:209)
	at java.base/java.util.ArrayList.forEach(ArrayList.java:1511)
Caused by: java.lang.AssertionError
	at org.junit.Assert.fail(Assert.java:87)
	at org.junit.Assert.assertTrue(Assert.java:42)
	at org.junit.Assert.assertTrue(Assert.java:53)
	at pages.MemberFormPage.verifyAgEffectiveDateAsCurrentDate(MemberFormPage.java:4210)
	at testcases.AGRules.TestCase_8923.createMember(TestCase_8923.java:114)
	... 28 more
... Removed 28 stack frames</div></td></tr></table><p class="totop"><a href="#summary">back to summary</a></p>
<h3 id="m14">driver.Driver#executeTestcase</h3><table class="result"><tr class="param"><th>Parameter #1</th></tr><tr class="param stripe"><td>org.testng.TestRunner@3faf2e7d</td></tr></table><p class="totop"><a href="#summary">back to summary</a></p>
<h3 id="m15">driver.Driver#executeTestcase</h3><table class="result"><tr class="param"><th>Parameter #1</th></tr><tr class="param stripe"><td>org.testng.TestRunner@3faf2e7d</td></tr></table><p class="totop"><a href="#summary">back to summary</a></p>
<h3 id="m16">driver.Driver#executeTestcase</h3><table class="result"><tr class="param"><th>Parameter #1</th></tr><tr class="param stripe"><td>org.testng.TestRunner@3faf2e7d</td></tr></table><p class="totop"><a href="#summary">back to summary</a></p>
<h3 id="m17">driver.Driver#executeTestcase</h3><table class="result"><tr class="param"><th>Parameter #1</th></tr><tr class="param stripe"><td>org.testng.TestRunner@3faf2e7d</td></tr></table><p class="totop"><a href="#summary">back to summary</a></p>
<h3 id="m18">driver.Driver#executeTestcase</h3><table class="result"><tr class="param"><th>Parameter #1</th></tr><tr class="param stripe"><td>org.testng.TestRunner@3faf2e7d</td></tr></table><p class="totop"><a href="#summary">back to summary</a></p>
<h3 id="m19">driver.Driver#executeTestcase</h3><table class="result"><tr class="param"><th>Parameter #1</th></tr><tr class="param stripe"><td>org.testng.TestRunner@3faf2e7d</td></tr></table><p class="totop"><a href="#summary">back to summary</a></p>
<h3 id="m20">driver.Driver#executeTestcase</h3><table class="result"><tr class="param"><th>Parameter #1</th></tr><tr class="param stripe"><td>org.testng.TestRunner@3faf2e7d</td></tr></table><p class="totop"><a href="#summary">back to summary</a></p>
<h3 id="m21">driver.Driver#executeTestcase</h3><table class="result"><tr class="param"><th>Parameter #1</th></tr><tr class="param stripe"><td>org.testng.TestRunner@3faf2e7d</td></tr></table><p class="totop"><a href="#summary">back to summary</a></p>
<h3 id="m22">driver.Driver#executeTestcase</h3><table class="result"><tr class="param"><th>Parameter #1</th></tr><tr class="param stripe"><td>org.testng.TestRunner@3faf2e7d</td></tr></table><p class="totop"><a href="#summary">back to summary</a></p>
<h3 id="m23">driver.Driver#executeTestcase</h3><table class="result"><tr class="param"><th>Parameter #1</th></tr><tr class="param stripe"><td>org.testng.TestRunner@3faf2e7d</td></tr></table><p class="totop"><a href="#summary">back to summary</a></p>
<h3 id="m24">driver.Driver#executeTestcase</h3><table class="result"><tr class="param"><th>Parameter #1</th></tr><tr class="param stripe"><td>org.testng.TestRunner@3faf2e7d</td></tr></table><p class="totop"><a href="#summary">back to summary</a></p>
<h3 id="m25">driver.Driver#executeTestcase</h3><table class="result"><tr class="param"><th>Parameter #1</th></tr><tr class="param stripe"><td>org.testng.TestRunner@3faf2e7d</td></tr></table><p class="totop"><a href="#summary">back to summary</a></p>
<h3 id="m26">driver.Driver#executeTestcase</h3><table class="result"><tr class="param"><th>Parameter #1</th></tr><tr class="param stripe"><td>org.testng.TestRunner@3faf2e7d</td></tr></table><p class="totop"><a href="#summary">back to summary</a></p>
<h3 id="m27">driver.Driver#executeTestcase</h3><table class="result"><tr class="param"><th>Parameter #1</th></tr><tr class="param stripe"><td>org.testng.TestRunner@3faf2e7d</td></tr></table><p class="totop"><a href="#summary">back to summary</a></p>
<h3 id="m28">driver.Driver#executeTestcase</h3><table class="result"><tr class="param"><th>Parameter #1</th></tr><tr class="param stripe"><td>org.testng.TestRunner@3faf2e7d</td></tr></table><p class="totop"><a href="#summary">back to summary</a></p>
<h3 id="m29">driver.Driver#executeTestcase</h3><table class="result"><tr class="param"><th>Parameter #1</th></tr><tr class="param stripe"><td>org.testng.TestRunner@3faf2e7d</td></tr></table><p class="totop"><a href="#summary">back to summary</a></p>
<h3 id="m30">driver.Driver#executeTestcase</h3><table class="result"><tr class="param"><th>Parameter #1</th></tr><tr class="param stripe"><td>org.testng.TestRunner@3faf2e7d</td></tr></table><p class="totop"><a href="#summary">back to summary</a></p>
<h3 id="m31">driver.Driver#executeTestcase</h3><table class="result"><tr class="param"><th>Parameter #1</th></tr><tr class="param stripe"><td>org.testng.TestRunner@3faf2e7d</td></tr></table><p class="totop"><a href="#summary">back to summary</a></p>
<h3 id="m32">driver.Driver#executeTestcase</h3><table class="result"><tr class="param"><th>Parameter #1</th></tr><tr class="param stripe"><td>org.testng.TestRunner@3faf2e7d</td></tr></table><p class="totop"><a href="#summary">back to summary</a></p>
<h3 id="m33">driver.Driver#executeTestcase</h3><table class="result"><tr class="param"><th>Parameter #1</th></tr><tr class="param stripe"><td>org.testng.TestRunner@3faf2e7d</td></tr></table><p class="totop"><a href="#summary">back to summary</a></p>
<h3 id="m34">driver.Driver#executeTestcase</h3><table class="result"><tr class="param"><th>Parameter #1</th></tr><tr class="param stripe"><td>org.testng.TestRunner@3faf2e7d</td></tr></table><p class="totop"><a href="#summary">back to summary</a></p>
<h3 id="m35">driver.Driver#executeTestcase</h3><table class="result"><tr class="param"><th>Parameter #1</th></tr><tr class="param stripe"><td>org.testng.TestRunner@3faf2e7d</td></tr></table><p class="totop"><a href="#summary">back to summary</a></p>
<h3 id="m36">driver.Driver#executeTestcase</h3><table class="result"><tr class="param"><th>Parameter #1</th></tr><tr class="param stripe"><td>org.testng.TestRunner@3faf2e7d</td></tr></table><p class="totop"><a href="#summary">back to summary</a></p>
<h3 id="m37">driver.Driver#executeTestcase</h3><table class="result"><tr class="param"><th>Parameter #1</th></tr><tr class="param stripe"><td>org.testng.TestRunner@3faf2e7d</td></tr></table><p class="totop"><a href="#summary">back to summary</a></p>
<h3 id="m38">driver.Driver#executeTestcase</h3><table class="result"><tr class="param"><th>Parameter #1</th></tr><tr class="param stripe"><td>org.testng.TestRunner@3faf2e7d</td></tr></table><p class="totop"><a href="#summary">back to summary</a></p>
<h3 id="m39">driver.Driver#executeTestcase</h3><table class="result"><tr class="param"><th>Parameter #1</th></tr><tr class="param stripe"><td>org.testng.TestRunner@3faf2e7d</td></tr></table><p class="totop"><a href="#summary">back to summary</a></p>
<h3 id="m40">driver.Driver#executeTestcase</h3><table class="result"><tr class="param"><th>Parameter #1</th></tr><tr class="param stripe"><td>org.testng.TestRunner@3faf2e7d</td></tr></table><p class="totop"><a href="#summary">back to summary</a></p>
<h3 id="m41">driver.Driver#executeTestcase</h3><table class="result"><tr class="param"><th>Parameter #1</th></tr><tr class="param stripe"><td>org.testng.TestRunner@3faf2e7d</td></tr></table><p class="totop"><a href="#summary">back to summary</a></p>
<h3 id="m42">driver.Driver#executeTestcase</h3><table class="result"><tr class="param"><th>Parameter #1</th></tr><tr class="param stripe"><td>org.testng.TestRunner@3faf2e7d</td></tr></table><p class="totop"><a href="#summary">back to summary</a></p>
<h3 id="m43">driver.Driver#executeTestcase</h3><table class="result"><tr class="param"><th>Parameter #1</th></tr><tr class="param stripe"><td>org.testng.TestRunner@3faf2e7d</td></tr></table><p class="totop"><a href="#summary">back to summary</a></p>
<h3 id="m44">driver.Driver#executeTestcase</h3><table class="result"><tr class="param"><th>Parameter #1</th></tr><tr class="param stripe"><td>org.testng.TestRunner@3faf2e7d</td></tr></table><p class="totop"><a href="#summary">back to summary</a></p>
<h3 id="m45">driver.Driver#executeTestcase</h3><table class="result"><tr class="param"><th>Parameter #1</th></tr><tr class="param stripe"><td>org.testng.TestRunner@3faf2e7d</td></tr></table><p class="totop"><a href="#summary">back to summary</a></p>
<h3 id="m46">driver.Driver#executeTestcase</h3><table class="result"><tr class="param"><th>Parameter #1</th></tr><tr class="param stripe"><td>org.testng.TestRunner@3faf2e7d</td></tr></table><p class="totop"><a href="#summary">back to summary</a></p>
<h3 id="m47">driver.Driver#executeTestcase</h3><table class="result"><tr class="param"><th>Parameter #1</th></tr><tr class="param stripe"><td>org.testng.TestRunner@3faf2e7d</td></tr></table><p class="totop"><a href="#summary">back to summary</a></p>
<h3 id="m48">driver.Driver#executeTestcase</h3><table class="result"><tr class="param"><th>Parameter #1</th></tr><tr class="param stripe"><td>org.testng.TestRunner@3faf2e7d</td></tr></table><p class="totop"><a href="#summary">back to summary</a></p>
<h3 id="m49">driver.Driver#executeTestcase</h3><table class="result"><tr class="param"><th>Parameter #1</th></tr><tr class="param stripe"><td>org.testng.TestRunner@3faf2e7d</td></tr></table><p class="totop"><a href="#summary">back to summary</a></p>
<h3 id="m50">driver.Driver#executeTestcase</h3><table class="result"><tr class="param"><th>Parameter #1</th></tr><tr class="param stripe"><td>org.testng.TestRunner@3faf2e7d</td></tr></table><p class="totop"><a href="#summary">back to summary</a></p>
<h3 id="m51">driver.Driver#executeTestcase</h3><table class="result"><tr class="param"><th>Parameter #1</th></tr><tr class="param stripe"><td>org.testng.TestRunner@3faf2e7d</td></tr></table><p class="totop"><a href="#summary">back to summary</a></p>
<h3 id="m52">driver.Driver#executeTestcase</h3><table class="result"><tr class="param"><th>Parameter #1</th></tr><tr class="param stripe"><td>org.testng.TestRunner@3faf2e7d</td></tr></table><p class="totop"><a href="#summary">back to summary</a></p>
<h3 id="m53">driver.Driver#executeTestcase</h3><table class="result"><tr class="param"><th>Parameter #1</th></tr><tr class="param stripe"><td>org.testng.TestRunner@3faf2e7d</td></tr></table><p class="totop"><a href="#summary">back to summary</a></p>
<h3 id="m54">driver.Driver#executeTestcase</h3><table class="result"><tr class="param"><th>Parameter #1</th></tr><tr class="param stripe"><td>org.testng.TestRunner@3faf2e7d</td></tr></table><p class="totop"><a href="#summary">back to summary</a></p>
<h3 id="m55">driver.Driver#executeTestcase</h3><table class="result"><tr class="param"><th>Parameter #1</th></tr><tr class="param stripe"><td>org.testng.TestRunner@3faf2e7d</td></tr></table><p class="totop"><a href="#summary">back to summary</a></p>
<h3 id="m56">driver.Driver#executeTestcase</h3><table class="result"><tr class="param"><th>Parameter #1</th></tr><tr class="param stripe"><td>org.testng.TestRunner@3faf2e7d</td></tr></table><p class="totop"><a href="#summary">back to summary</a></p>
<h3 id="m57">driver.Driver#executeTestcase</h3><table class="result"><tr class="param"><th>Parameter #1</th></tr><tr class="param stripe"><td>org.testng.TestRunner@3faf2e7d</td></tr></table><p class="totop"><a href="#summary">back to summary</a></p>
<h3 id="m58">driver.Driver#executeTestcase</h3><table class="result"><tr class="param"><th>Parameter #1</th></tr><tr class="param stripe"><td>org.testng.TestRunner@3faf2e7d</td></tr></table><p class="totop"><a href="#summary">back to summary</a></p>
<h3 id="m59">driver.Driver#executeTestcase</h3><table class="result"><tr class="param"><th>Parameter #1</th></tr><tr class="param stripe"><td>org.testng.TestRunner@3faf2e7d</td></tr></table><p class="totop"><a href="#summary">back to summary</a></p>
<h3 id="m60">driver.Driver#executeTestcase</h3><table class="result"><tr class="param"><th>Parameter #1</th></tr><tr class="param stripe"><td>org.testng.TestRunner@3faf2e7d</td></tr></table><p class="totop"><a href="#summary">back to summary</a></p>
<h3 id="m61">driver.Driver#executeTestcase</h3><table class="result"><tr class="param"><th>Parameter #1</th></tr><tr class="param stripe"><td>org.testng.TestRunner@3faf2e7d</td></tr></table><p class="totop"><a href="#summary">back to summary</a></p>
<h3 id="m62">driver.Driver#executeTestcase</h3><table class="result"><tr class="param"><th>Parameter #1</th></tr><tr class="param stripe"><td>org.testng.TestRunner@3faf2e7d</td></tr></table><p class="totop"><a href="#summary">back to summary</a></p>
<h3 id="m63">driver.Driver#executeTestcase</h3><table class="result"><tr class="param"><th>Parameter #1</th></tr><tr class="param stripe"><td>org.testng.TestRunner@3faf2e7d</td></tr></table><p class="totop"><a href="#summary">back to summary</a></p>
<h3 id="m64">driver.Driver#executeTestcase</h3><table class="result"><tr class="param"><th>Parameter #1</th></tr><tr class="param stripe"><td>org.testng.TestRunner@3faf2e7d</td></tr></table><p class="totop"><a href="#summary">back to summary</a></p>
<h3 id="m65">driver.Driver#executeTestcase</h3><table class="result"><tr class="param"><th>Parameter #1</th></tr><tr class="param stripe"><td>org.testng.TestRunner@3faf2e7d</td></tr></table><p class="totop"><a href="#summary">back to summary</a></p>
<h3 id="m66">driver.Driver#executeTestcase</h3><table class="result"><tr class="param"><th>Parameter #1</th></tr><tr class="param stripe"><td>org.testng.TestRunner@3faf2e7d</td></tr></table><p class="totop"><a href="#summary">back to summary</a></p>
<h3 id="m67">driver.Driver#executeTestcase</h3><table class="result"><tr class="param"><th>Parameter #1</th></tr><tr class="param stripe"><td>org.testng.TestRunner@3faf2e7d</td></tr></table><p class="totop"><a href="#summary">back to summary</a></p>
<h3 id="m68">driver.Driver#executeTestcase</h3><table class="result"><tr class="param"><th>Parameter #1</th></tr><tr class="param stripe"><td>org.testng.TestRunner@3faf2e7d</td></tr></table><p class="totop"><a href="#summary">back to summary</a></p>
<h3 id="m69">driver.Driver#executeTestcase</h3><table class="result"><tr class="param"><th>Parameter #1</th></tr><tr class="param stripe"><td>org.testng.TestRunner@3faf2e7d</td></tr></table><p class="totop"><a href="#summary">back to summary</a></p>
<h3 id="m70">driver.Driver#executeTestcase</h3><table class="result"><tr class="param"><th>Parameter #1</th></tr><tr class="param stripe"><td>org.testng.TestRunner@3faf2e7d</td></tr></table><p class="totop"><a href="#summary">back to summary</a></p>
<h3 id="m71">driver.Driver#executeTestcase</h3><table class="result"><tr class="param"><th>Parameter #1</th></tr><tr class="param stripe"><td>org.testng.TestRunner@3faf2e7d</td></tr></table><p class="totop"><a href="#summary">back to summary</a></p>
<h3 id="m72">driver.Driver#executeTestcase</h3><table class="result"><tr class="param"><th>Parameter #1</th></tr><tr class="param stripe"><td>org.testng.TestRunner@3faf2e7d</td></tr></table><p class="totop"><a href="#summary">back to summary</a></p>
<h3 id="m73">driver.Driver#executeTestcase</h3><table class="result"><tr class="param"><th>Parameter #1</th></tr><tr class="param stripe"><td>org.testng.TestRunner@3faf2e7d</td></tr></table><p class="totop"><a href="#summary">back to summary</a></p>
<h3 id="m74">driver.Driver#executeTestcase</h3><table class="result"><tr class="param"><th>Parameter #1</th></tr><tr class="param stripe"><td>org.testng.TestRunner@3faf2e7d</td></tr></table><p class="totop"><a href="#summary">back to summary</a></p>
<h3 id="m75">driver.Driver#executeTestcase</h3><table class="result"><tr class="param"><th>Parameter #1</th></tr><tr class="param stripe"><td>org.testng.TestRunner@3faf2e7d</td></tr></table><p class="totop"><a href="#summary">back to summary</a></p>
<h3 id="m76">driver.Driver#executeTestcase</h3><table class="result"><tr class="param"><th>Parameter #1</th></tr><tr class="param stripe"><td>org.testng.TestRunner@3faf2e7d</td></tr></table><p class="totop"><a href="#summary">back to summary</a></p>
<h3 id="m77">driver.Driver#executeTestcase</h3><table class="result"><tr class="param"><th>Parameter #1</th></tr><tr class="param stripe"><td>org.testng.TestRunner@3faf2e7d</td></tr></table><p class="totop"><a href="#summary">back to summary</a></p>
<h3 id="m78">driver.Driver#executeTestcase</h3><table class="result"><tr class="param"><th>Parameter #1</th></tr><tr class="param stripe"><td>org.testng.TestRunner@3faf2e7d</td></tr></table><p class="totop"><a href="#summary">back to summary</a></p>
<h3 id="m79">driver.Driver#executeTestcase</h3><table class="result"><tr class="param"><th>Parameter #1</th></tr><tr class="param stripe"><td>org.testng.TestRunner@3faf2e7d</td></tr></table><p class="totop"><a href="#summary">back to summary</a></p>
<h3 id="m80">driver.Driver#executeTestcase</h3><table class="result"><tr class="param"><th>Parameter #1</th></tr><tr class="param stripe"><td>org.testng.TestRunner@3faf2e7d</td></tr></table><p class="totop"><a href="#summary">back to summary</a></p>
<h3 id="m81">driver.Driver#executeTestcase</h3><table class="result"><tr class="param"><th>Parameter #1</th></tr><tr class="param stripe"><td>org.testng.TestRunner@3faf2e7d</td></tr></table><p class="totop"><a href="#summary">back to summary</a></p>
<h3 id="m82">driver.Driver#executeTestcase</h3><table class="result"><tr class="param"><th>Parameter #1</th></tr><tr class="param stripe"><td>org.testng.TestRunner@3faf2e7d</td></tr></table><p class="totop"><a href="#summary">back to summary</a></p>
<h3 id="m83">driver.Driver#executeTestcase</h3><table class="result"><tr class="param"><th>Parameter #1</th></tr><tr class="param stripe"><td>org.testng.TestRunner@3faf2e7d</td></tr></table><p class="totop"><a href="#summary">back to summary</a></p>
<h3 id="m84">driver.Driver#executeTestcase</h3><table class="result"><tr class="param"><th>Parameter #1</th></tr><tr class="param stripe"><td>org.testng.TestRunner@3faf2e7d</td></tr></table><p class="totop"><a href="#summary">back to summary</a></p>
<h3 id="m85">driver.Driver#executeTestcase</h3><table class="result"><tr class="param"><th>Parameter #1</th></tr><tr class="param stripe"><td>org.testng.TestRunner@3faf2e7d</td></tr></table><p class="totop"><a href="#summary">back to summary</a></p>
<h3 id="m86">driver.Driver#executeTestcase</h3><table class="result"><tr class="param"><th>Parameter #1</th></tr><tr class="param stripe"><td>org.testng.TestRunner@3faf2e7d</td></tr></table><p class="totop"><a href="#summary">back to summary</a></p>
<h3 id="m87">driver.Driver#executeTestcase</h3><table class="result"><tr class="param"><th>Parameter #1</th></tr><tr class="param stripe"><td>org.testng.TestRunner@3faf2e7d</td></tr></table><p class="totop"><a href="#summary">back to summary</a></p>
<h3 id="m88">driver.Driver#executeTestcase</h3><table class="result"><tr class="param"><th>Parameter #1</th></tr><tr class="param stripe"><td>org.testng.TestRunner@3faf2e7d</td></tr></table><p class="totop"><a href="#summary">back to summary</a></p>
<h3 id="m89">driver.Driver#executeTestcase</h3><table class="result"><tr class="param"><th>Parameter #1</th></tr><tr class="param stripe"><td>org.testng.TestRunner@3faf2e7d</td></tr></table><p class="totop"><a href="#summary">back to summary</a></p>
<h3 id="m90">driver.Driver#executeTestcase</h3><table class="result"><tr class="param"><th>Parameter #1</th></tr><tr class="param stripe"><td>org.testng.TestRunner@3faf2e7d</td></tr></table><p class="totop"><a href="#summary">back to summary</a></p>
<h3 id="m91">driver.Driver#executeTestcase</h3><table class="result"><tr class="param"><th>Parameter #1</th></tr><tr class="param stripe"><td>org.testng.TestRunner@3faf2e7d</td></tr></table><p class="totop"><a href="#summary">back to summary</a></p>
<h3 id="m92">driver.Driver#executeTestcase</h3><table class="result"><tr class="param"><th>Parameter #1</th></tr><tr class="param stripe"><td>org.testng.TestRunner@3faf2e7d</td></tr></table><p class="totop"><a href="#summary">back to summary</a></p>
<h3 id="m93">driver.Driver#executeTestcase</h3><table class="result"><tr class="param"><th>Parameter #1</th></tr><tr class="param stripe"><td>org.testng.TestRunner@3faf2e7d</td></tr></table><p class="totop"><a href="#summary">back to summary</a></p>
<h3 id="m94">driver.Driver#executeTestcase</h3><table class="result"><tr class="param"><th>Parameter #1</th></tr><tr class="param stripe"><td>org.testng.TestRunner@3faf2e7d</td></tr></table><p class="totop"><a href="#summary">back to summary</a></p>
<h3 id="m95">driver.Driver#executeTestcase</h3><table class="result"><tr class="param"><th>Parameter #1</th></tr><tr class="param stripe"><td>org.testng.TestRunner@3faf2e7d</td></tr></table><p class="totop"><a href="#summary">back to summary</a></p>
<h3 id="m96">driver.Driver#executeTestcase</h3><table class="result"><tr class="param"><th>Parameter #1</th></tr><tr class="param stripe"><td>org.testng.TestRunner@3faf2e7d</td></tr></table><p class="totop"><a href="#summary">back to summary</a></p>
<h3 id="m97">driver.Driver#executeTestcase</h3><table class="result"><tr class="param"><th>Parameter #1</th></tr><tr class="param stripe"><td>org.testng.TestRunner@3faf2e7d</td></tr></table><p class="totop"><a href="#summary">back to summary</a></p>
<h3 id="m98">driver.Driver#executeTestcase</h3><table class="result"><tr class="param"><th>Parameter #1</th></tr><tr class="param stripe"><td>org.testng.TestRunner@3faf2e7d</td></tr></table><p class="totop"><a href="#summary">back to summary</a></p>
<h3 id="m99">driver.Driver#executeTestcase</h3><table class="result"><tr class="param"><th>Parameter #1</th></tr><tr class="param stripe"><td>org.testng.TestRunner@3faf2e7d</td></tr></table><p class="totop"><a href="#summary">back to summary</a></p>
<h3 id="m100">driver.Driver#executeTestcase</h3><table class="result"><tr class="param"><th>Parameter #1</th></tr><tr class="param stripe"><td>org.testng.TestRunner@3faf2e7d</td></tr></table><p class="totop"><a href="#summary">back to summary</a></p>
<h3 id="m101">driver.Driver#executeTestcase</h3><table class="result"><tr class="param"><th>Parameter #1</th></tr><tr class="param stripe"><td>org.testng.TestRunner@3faf2e7d</td></tr></table><p class="totop"><a href="#summary">back to summary</a></p>
<h3 id="m102">driver.Driver#executeTestcase</h3><table class="result"><tr class="param"><th>Parameter #1</th></tr><tr class="param stripe"><td>org.testng.TestRunner@3faf2e7d</td></tr></table><p class="totop"><a href="#summary">back to summary</a></p>
<h3 id="m103">driver.Driver#executeTestcase</h3><table class="result"><tr class="param"><th>Parameter #1</th></tr><tr class="param stripe"><td>org.testng.TestRunner@3faf2e7d</td></tr></table><p class="totop"><a href="#summary">back to summary</a></p>
<h3 id="m104">driver.Driver#executeTestcase</h3><table class="result"><tr class="param"><th>Parameter #1</th></tr><tr class="param stripe"><td>org.testng.TestRunner@3faf2e7d</td></tr></table><p class="totop"><a href="#summary">back to summary</a></p>
<h3 id="m105">driver.Driver#executeTestcase</h3><table class="result"><tr class="param"><th>Parameter #1</th></tr><tr class="param stripe"><td>org.testng.TestRunner@3faf2e7d</td></tr></table><p class="totop"><a href="#summary">back to summary</a></p>
<h3 id="m106">driver.Driver#executeTestcase</h3><table class="result"><tr class="param"><th>Parameter #1</th></tr><tr class="param stripe"><td>org.testng.TestRunner@3faf2e7d</td></tr></table><p class="totop"><a href="#summary">back to summary</a></p>
<h3 id="m107">driver.Driver#executeTestcase</h3><table class="result"><tr class="param"><th>Parameter #1</th></tr><tr class="param stripe"><td>org.testng.TestRunner@3faf2e7d</td></tr></table><p class="totop"><a href="#summary">back to summary</a></p>
<h3 id="m108">driver.Driver#executeTestcase</h3><table class="result"><tr class="param"><th>Parameter #1</th></tr><tr class="param stripe"><td>org.testng.TestRunner@3faf2e7d</td></tr></table><p class="totop"><a href="#summary">back to summary</a></p>
<h3 id="m109">driver.Driver#executeTestcase</h3><table class="result"><tr class="param"><th>Parameter #1</th></tr><tr class="param stripe"><td>org.testng.TestRunner@3faf2e7d</td></tr></table><p class="totop"><a href="#summary">back to summary</a></p>
<h3 id="m110">driver.Driver#executeTestcase</h3><table class="result"><tr class="param"><th>Parameter #1</th></tr><tr class="param stripe"><td>org.testng.TestRunner@3faf2e7d</td></tr></table><p class="totop"><a href="#summary">back to summary</a></p>
<h3 id="m111">driver.Driver#executeTestcase</h3><table class="result"><tr class="param"><th>Parameter #1</th></tr><tr class="param stripe"><td>org.testng.TestRunner@3faf2e7d</td></tr></table><p class="totop"><a href="#summary">back to summary</a></p>
<h3 id="m112">driver.Driver#executeTestcase</h3><table class="result"><tr class="param"><th>Parameter #1</th></tr><tr class="param stripe"><td>org.testng.TestRunner@3faf2e7d</td></tr></table><p class="totop"><a href="#summary">back to summary</a></p>
<h3 id="m113">driver.Driver#executeTestcase</h3><table class="result"><tr class="param"><th>Parameter #1</th></tr><tr class="param stripe"><td>org.testng.TestRunner@3faf2e7d</td></tr></table><p class="totop"><a href="#summary">back to summary</a></p>
<h3 id="m114">driver.Driver#executeTestcase</h3><table class="result"><tr class="param"><th>Parameter #1</th></tr><tr class="param stripe"><td>org.testng.TestRunner@3faf2e7d</td></tr></table><p class="totop"><a href="#summary">back to summary</a></p>
<h3 id="m115">driver.Driver#executeTestcase</h3><table class="result"><tr class="param"><th>Parameter #1</th></tr><tr class="param stripe"><td>org.testng.TestRunner@3faf2e7d</td></tr></table><p class="totop"><a href="#summary">back to summary</a></p>
<h3 id="m116">driver.Driver#executeTestcase</h3><table class="result"><tr class="param"><th>Parameter #1</th></tr><tr class="param stripe"><td>org.testng.TestRunner@3faf2e7d</td></tr></table><p class="totop"><a href="#summary">back to summary</a></p>
<h3 id="m117">driver.Driver#executeTestcase</h3><table class="result"><tr class="param"><th>Parameter #1</th></tr><tr class="param stripe"><td>org.testng.TestRunner@3faf2e7d</td></tr></table><p class="totop"><a href="#summary">back to summary</a></p>
<h3 id="m118">driver.Driver#executeTestcase</h3><table class="result"><tr class="param"><th>Parameter #1</th></tr><tr class="param stripe"><td>org.testng.TestRunner@3faf2e7d</td></tr></table><p class="totop"><a href="#summary">back to summary</a></p>
<h3 id="m119">driver.Driver#executeTestcase</h3><table class="result"><tr class="param"><th>Parameter #1</th></tr><tr class="param stripe"><td>org.testng.TestRunner@3faf2e7d</td></tr></table><p class="totop"><a href="#summary">back to summary</a></p>
<h3 id="m120">driver.Driver#executeTestcase</h3><table class="result"><tr class="param"><th>Parameter #1</th></tr><tr class="param stripe"><td>org.testng.TestRunner@3faf2e7d</td></tr></table><p class="totop"><a href="#summary">back to summary</a></p>
<h3 id="m121">driver.Driver#executeTestcase</h3><table class="result"><tr class="param"><th>Parameter #1</th></tr><tr class="param stripe"><td>org.testng.TestRunner@3faf2e7d</td></tr></table><p class="totop"><a href="#summary">back to summary</a></p>
<h3 id="m122">driver.Driver#executeTestcase</h3><table class="result"><tr class="param"><th>Parameter #1</th></tr><tr class="param stripe"><td>org.testng.TestRunner@3faf2e7d</td></tr></table><p class="totop"><a href="#summary">back to summary</a></p>
<h3 id="m123">driver.Driver#executeTestcase</h3><table class="result"><tr class="param"><th>Parameter #1</th></tr><tr class="param stripe"><td>org.testng.TestRunner@3faf2e7d</td></tr></table><p class="totop"><a href="#summary">back to summary</a></p>
<h3 id="m124">driver.Driver#executeTestcase</h3><table class="result"><tr class="param"><th>Parameter #1</th></tr><tr class="param stripe"><td>org.testng.TestRunner@3faf2e7d</td></tr></table><p class="totop"><a href="#summary">back to summary</a></p>
<h3 id="m125">driver.Driver#executeTestcase</h3><table class="result"><tr class="param"><th>Parameter #1</th></tr><tr class="param stripe"><td>org.testng.TestRunner@3faf2e7d</td></tr></table><p class="totop"><a href="#summary">back to summary</a></p>
<h3 id="m126">driver.Driver#executeTestcase</h3><table class="result"><tr class="param"><th>Parameter #1</th></tr><tr class="param stripe"><td>org.testng.TestRunner@3faf2e7d</td></tr></table><p class="totop"><a href="#summary">back to summary</a></p>
<h3 id="m127">driver.Driver#executeTestcase</h3><table class="result"><tr class="param"><th>Parameter #1</th></tr><tr class="param stripe"><td>org.testng.TestRunner@3faf2e7d</td></tr></table><p class="totop"><a href="#summary">back to summary</a></p>
<h3 id="m128">driver.Driver#executeTestcase</h3><table class="result"><tr class="param"><th>Parameter #1</th></tr><tr class="param stripe"><td>org.testng.TestRunner@3faf2e7d</td></tr></table><p class="totop"><a href="#summary">back to summary</a></p>
<h3 id="m129">driver.Driver#executeTestcase</h3><table class="result"><tr class="param"><th>Parameter #1</th></tr><tr class="param stripe"><td>org.testng.TestRunner@3faf2e7d</td></tr></table><p class="totop"><a href="#summary">back to summary</a></p>
<h3 id="m130">driver.Driver#executeTestcase</h3><table class="result"><tr class="param"><th>Parameter #1</th></tr><tr class="param stripe"><td>org.testng.TestRunner@3faf2e7d</td></tr></table><p class="totop"><a href="#summary">back to summary</a></p>
<h3 id="m131">driver.Driver#executeTestcase</h3><table class="result"><tr class="param"><th>Parameter #1</th></tr><tr class="param stripe"><td>org.testng.TestRunner@3faf2e7d</td></tr></table><p class="totop"><a href="#summary">back to summary</a></p>
<h3 id="m132">driver.Driver#executeTestcase</h3><table class="result"><tr class="param"><th>Parameter #1</th></tr><tr class="param stripe"><td>org.testng.TestRunner@3faf2e7d</td></tr></table><p class="totop"><a href="#summary">back to summary</a></p>
<h3 id="m133">driver.Driver#executeTestcase</h3><table class="result"><tr class="param"><th>Parameter #1</th></tr><tr class="param stripe"><td>org.testng.TestRunner@3faf2e7d</td></tr></table><p class="totop"><a href="#summary">back to summary</a></p>
<h3 id="m134">driver.Driver#executeTestcase</h3><table class="result"><tr class="param"><th>Parameter #1</th></tr><tr class="param stripe"><td>org.testng.TestRunner@3faf2e7d</td></tr></table><p class="totop"><a href="#summary">back to summary</a></p>
<h3 id="m135">driver.Driver#executeTestcase</h3><table class="result"><tr class="param"><th>Parameter #1</th></tr><tr class="param stripe"><td>org.testng.TestRunner@3faf2e7d</td></tr></table><p class="totop"><a href="#summary">back to summary</a></p>
<h3 id="m136">driver.Driver#executeTestcase</h3><table class="result"><tr class="param"><th>Parameter #1</th></tr><tr class="param stripe"><td>org.testng.TestRunner@3faf2e7d</td></tr></table><p class="totop"><a href="#summary">back to summary</a></p>
<h3 id="m137">driver.Driver#executeTestcase</h3><table class="result"><tr class="param"><th>Parameter #1</th></tr><tr class="param stripe"><td>org.testng.TestRunner@3faf2e7d</td></tr></table><p class="totop"><a href="#summary">back to summary</a></p>
<h3 id="m138">driver.Driver#executeTestcase</h3><table class="result"><tr class="param"><th>Parameter #1</th></tr><tr class="param stripe"><td>org.testng.TestRunner@3faf2e7d</td></tr></table><p class="totop"><a href="#summary">back to summary</a></p>
<h3 id="m139">driver.Driver#executeTestcase</h3><table class="result"><tr class="param"><th>Parameter #1</th></tr><tr class="param stripe"><td>org.testng.TestRunner@3faf2e7d</td></tr></table><p class="totop"><a href="#summary">back to summary</a></p>
<h3 id="m140">driver.Driver#executeTestcase</h3><table class="result"><tr class="param"><th>Parameter #1</th></tr><tr class="param stripe"><td>org.testng.TestRunner@3faf2e7d</td></tr></table><p class="totop"><a href="#summary">back to summary</a></p>
<h3 id="m141">driver.Driver#executeTestcase</h3><table class="result"><tr class="param"><th>Parameter #1</th></tr><tr class="param stripe"><td>org.testng.TestRunner@3faf2e7d</td></tr></table><p class="totop"><a href="#summary">back to summary</a></p>
<h3 id="m142">driver.Driver#executeTestcase</h3><table class="result"><tr class="param"><th>Parameter #1</th></tr><tr class="param stripe"><td>org.testng.TestRunner@3faf2e7d</td></tr></table><p class="totop"><a href="#summary">back to summary</a></p>
<h3 id="m143">driver.Driver#executeTestcase</h3><table class="result"><tr class="param"><th>Parameter #1</th></tr><tr class="param stripe"><td>org.testng.TestRunner@3faf2e7d</td></tr></table><p class="totop"><a href="#summary">back to summary</a></p>
<h3 id="m144">driver.Driver#executeTestcase</h3><table class="result"><tr class="param"><th>Parameter #1</th></tr><tr class="param stripe"><td>org.testng.TestRunner@3faf2e7d</td></tr></table><p class="totop"><a href="#summary">back to summary</a></p>
<h3 id="m145">driver.Driver#executeTestcase</h3><table class="result"><tr class="param"><th>Parameter #1</th></tr><tr class="param stripe"><td>org.testng.TestRunner@3faf2e7d</td></tr></table><p class="totop"><a href="#summary">back to summary</a></p>
<h3 id="m146">driver.Driver#executeTestcase</h3><table class="result"><tr class="param"><th>Parameter #1</th></tr><tr class="param stripe"><td>org.testng.TestRunner@3faf2e7d</td></tr></table><p class="totop"><a href="#summary">back to summary</a></p>
<h3 id="m147">driver.Driver#executeTestcase</h3><table class="result"><tr class="param"><th>Parameter #1</th></tr><tr class="param stripe"><td>org.testng.TestRunner@3faf2e7d</td></tr></table><p class="totop"><a href="#summary">back to summary</a></p>
<h3 id="m148">driver.Driver#executeTestcase</h3><table class="result"><tr class="param"><th>Parameter #1</th></tr><tr class="param stripe"><td>org.testng.TestRunner@3faf2e7d</td></tr></table><p class="totop"><a href="#summary">back to summary</a></p>
<h3 id="m149">driver.Driver#executeTestcase</h3><table class="result"><tr class="param"><th>Parameter #1</th></tr><tr class="param stripe"><td>org.testng.TestRunner@3faf2e7d</td></tr></table><p class="totop"><a href="#summary">back to summary</a></p>
<h3 id="m150">driver.Driver#executeTestcase</h3><table class="result"><tr class="param"><th>Parameter #1</th></tr><tr class="param stripe"><td>org.testng.TestRunner@3faf2e7d</td></tr></table><p class="totop"><a href="#summary">back to summary</a></p>
<h3 id="m151">driver.Driver#executeTestcase</h3><table class="result"><tr class="param"><th>Parameter #1</th></tr><tr class="param stripe"><td>org.testng.TestRunner@3faf2e7d</td></tr></table><p class="totop"><a href="#summary">back to summary</a></p>
<h3 id="m152">driver.Driver#executeTestcase</h3><table class="result"><tr class="param"><th>Parameter #1</th></tr><tr class="param stripe"><td>org.testng.TestRunner@3faf2e7d</td></tr></table><p class="totop"><a href="#summary">back to summary</a></p>
<h3 id="m153">driver.Driver#executeTestcase</h3><table class="result"><tr class="param"><th>Parameter #1</th></tr><tr class="param stripe"><td>org.testng.TestRunner@3faf2e7d</td></tr></table><p class="totop"><a href="#summary">back to summary</a></p>
<h3 id="m154">driver.Driver#executeTestcase</h3><table class="result"><tr class="param"><th>Parameter #1</th></tr><tr class="param stripe"><td>org.testng.TestRunner@3faf2e7d</td></tr></table><p class="totop"><a href="#summary">back to summary</a></p>
<h3 id="m155">driver.Driver#executeTestcase</h3><table class="result"><tr class="param"><th>Parameter #1</th></tr><tr class="param stripe"><td>org.testng.TestRunner@3faf2e7d</td></tr></table><p class="totop"><a href="#summary">back to summary</a></p>
<h3 id="m156">driver.Driver#executeTestcase</h3><table class="result"><tr class="param"><th>Parameter #1</th></tr><tr class="param stripe"><td>org.testng.TestRunner@3faf2e7d</td></tr></table><p class="totop"><a href="#summary">back to summary</a></p>
<h3 id="m157">driver.Driver#executeTestcase</h3><table class="result"><tr class="param"><th>Parameter #1</th></tr><tr class="param stripe"><td>org.testng.TestRunner@3faf2e7d</td></tr></table><p class="totop"><a href="#summary">back to summary</a></p>
<h3 id="m158">driver.Driver#executeTestcase</h3><table class="result"><tr class="param"><th>Parameter #1</th></tr><tr class="param stripe"><td>org.testng.TestRunner@3faf2e7d</td></tr></table><p class="totop"><a href="#summary">back to summary</a></p>
<h3 id="m159">driver.Driver#executeTestcase</h3><table class="result"><tr class="param"><th>Parameter #1</th></tr><tr class="param stripe"><td>org.testng.TestRunner@3faf2e7d</td></tr></table><p class="totop"><a href="#summary">back to summary</a></p>
<h3 id="m160">driver.Driver#executeTestcase</h3><table class="result"><tr class="param"><th>Parameter #1</th></tr><tr class="param stripe"><td>org.testng.TestRunner@3faf2e7d</td></tr></table><p class="totop"><a href="#summary">back to summary</a></p>
<h3 id="m161">driver.Driver#executeTestcase</h3><table class="result"><tr class="param"><th>Parameter #1</th></tr><tr class="param stripe"><td>org.testng.TestRunner@3faf2e7d</td></tr></table><p class="totop"><a href="#summary">back to summary</a></p>
<h3 id="m162">driver.Driver#executeTestcase</h3><table class="result"><tr class="param"><th>Parameter #1</th></tr><tr class="param stripe"><td>org.testng.TestRunner@3faf2e7d</td></tr></table><p class="totop"><a href="#summary">back to summary</a></p>
<h3 id="m163">driver.Driver#executeTestcase</h3><table class="result"><tr class="param"><th>Parameter #1</th></tr><tr class="param stripe"><td>org.testng.TestRunner@3faf2e7d</td></tr></table><p class="totop"><a href="#summary">back to summary</a></p>
<h3 id="m164">driver.Driver#executeTestcase</h3><table class="result"><tr class="param"><th>Parameter #1</th></tr><tr class="param stripe"><td>org.testng.TestRunner@3faf2e7d</td></tr></table><p class="totop"><a href="#summary">back to summary</a></p>
<h3 id="m165">driver.Driver#executeTestcase</h3><table class="result"><tr class="param"><th>Parameter #1</th></tr><tr class="param stripe"><td>org.testng.TestRunner@3faf2e7d</td></tr></table><p class="totop"><a href="#summary">back to summary</a></p>
<h3 id="m166">driver.Driver#executeTestcase</h3><table class="result"><tr class="param"><th>Parameter #1</th></tr><tr class="param stripe"><td>org.testng.TestRunner@3faf2e7d</td></tr></table><p class="totop"><a href="#summary">back to summary</a></p>
<h3 id="m167">driver.Driver#executeTestcase</h3><table class="result"><tr class="param"><th>Parameter #1</th></tr><tr class="param stripe"><td>org.testng.TestRunner@3faf2e7d</td></tr></table><p class="totop"><a href="#summary">back to summary</a></p>
<h3 id="m168">driver.Driver#executeTestcase</h3><table class="result"><tr class="param"><th>Parameter #1</th></tr><tr class="param stripe"><td>org.testng.TestRunner@3faf2e7d</td></tr></table><p class="totop"><a href="#summary">back to summary</a></p>
<h3 id="m169">driver.Driver#executeTestcase</h3><table class="result"><tr class="param"><th>Parameter #1</th></tr><tr class="param stripe"><td>org.testng.TestRunner@3faf2e7d</td></tr></table><p class="totop"><a href="#summary">back to summary</a></p>
<h3 id="m170">driver.Driver#executeTestcase</h3><table class="result"><tr class="param"><th>Parameter #1</th></tr><tr class="param stripe"><td>org.testng.TestRunner@3faf2e7d</td></tr></table><p class="totop"><a href="#summary">back to summary</a></p>
<h3 id="m171">driver.Driver#executeTestcase</h3><table class="result"><tr class="param"><th>Parameter #1</th></tr><tr class="param stripe"><td>org.testng.TestRunner@3faf2e7d</td></tr></table><p class="totop"><a href="#summary">back to summary</a></p>
<h3 id="m172">driver.Driver#executeTestcase</h3><table class="result"><tr class="param"><th>Parameter #1</th></tr><tr class="param stripe"><td>org.testng.TestRunner@3faf2e7d</td></tr></table><p class="totop"><a href="#summary">back to summary</a></p>
<h3 id="m173">driver.Driver#executeTestcase</h3><table class="result"><tr class="param"><th>Parameter #1</th></tr><tr class="param stripe"><td>org.testng.TestRunner@3faf2e7d</td></tr></table><p class="totop"><a href="#summary">back to summary</a></p>
<h3 id="m174">driver.Driver#executeTestcase</h3><table class="result"><tr class="param"><th>Parameter #1</th></tr><tr class="param stripe"><td>org.testng.TestRunner@3faf2e7d</td></tr></table><p class="totop"><a href="#summary">back to summary</a></p>
<h3 id="m175">driver.Driver#executeTestcase</h3><table class="result"><tr class="param"><th>Parameter #1</th></tr><tr class="param stripe"><td>org.testng.TestRunner@3faf2e7d</td></tr></table><p class="totop"><a href="#summary">back to summary</a></p>
<h3 id="m176">driver.Driver#executeTestcase</h3><table class="result"><tr class="param"><th>Parameter #1</th></tr><tr class="param stripe"><td>org.testng.TestRunner@3faf2e7d</td></tr></table><p class="totop"><a href="#summary">back to summary</a></p>
<h3 id="m177">driver.Driver#executeTestcase</h3><table class="result"><tr class="param"><th>Parameter #1</th></tr><tr class="param stripe"><td>org.testng.TestRunner@3faf2e7d</td></tr></table><p class="totop"><a href="#summary">back to summary</a></p>
<h3 id="m178">driver.Driver#executeTestcase</h3><table class="result"><tr class="param"><th>Parameter #1</th></tr><tr class="param stripe"><td>org.testng.TestRunner@3faf2e7d</td></tr></table><p class="totop"><a href="#summary">back to summary</a></p>
<h3 id="m179">driver.Driver#executeTestcase</h3><table class="result"><tr class="param"><th>Parameter #1</th></tr><tr class="param stripe"><td>org.testng.TestRunner@3faf2e7d</td></tr></table><p class="totop"><a href="#summary">back to summary</a></p>
<h3 id="m180">driver.Driver#executeTestcase</h3><table class="result"><tr class="param"><th>Parameter #1</th></tr><tr class="param stripe"><td>org.testng.TestRunner@3faf2e7d</td></tr></table><p class="totop"><a href="#summary">back to summary</a></p>
<h3 id="m181">driver.Driver#executeTestcase</h3><table class="result"><tr class="param"><th>Parameter #1</th></tr><tr class="param stripe"><td>org.testng.TestRunner@3faf2e7d</td></tr></table><p class="totop"><a href="#summary">back to summary</a></p>
<h3 id="m182">driver.Driver#executeTestcase</h3><table class="result"><tr class="param"><th>Parameter #1</th></tr><tr class="param stripe"><td>org.testng.TestRunner@3faf2e7d</td></tr></table><p class="totop"><a href="#summary">back to summary</a></p>
<h3 id="m183">driver.Driver#executeTestcase</h3><table class="result"><tr class="param"><th>Parameter #1</th></tr><tr class="param stripe"><td>org.testng.TestRunner@3faf2e7d</td></tr></table><p class="totop"><a href="#summary">back to summary</a></p>
<h3 id="m184">driver.Driver#executeTestcase</h3><table class="result"><tr class="param"><th>Parameter #1</th></tr><tr class="param stripe"><td>org.testng.TestRunner@3faf2e7d</td></tr></table><p class="totop"><a href="#summary">back to summary</a></p>
<h3 id="m185">driver.Driver#executeTestcase</h3><table class="result"><tr class="param"><th>Parameter #1</th></tr><tr class="param stripe"><td>org.testng.TestRunner@3faf2e7d</td></tr></table><p class="totop"><a href="#summary">back to summary</a></p>
<h3 id="m186">driver.Driver#executeTestcase</h3><table class="result"><tr class="param"><th>Parameter #1</th></tr><tr class="param stripe"><td>org.testng.TestRunner@3faf2e7d</td></tr></table><p class="totop"><a href="#summary">back to summary</a></p>
<h3 id="m187">driver.Driver#executeTestcase</h3><table class="result"><tr class="param"><th>Parameter #1</th></tr><tr class="param stripe"><td>org.testng.TestRunner@3faf2e7d</td></tr></table><p class="totop"><a href="#summary">back to summary</a></p>
<h3 id="m188">driver.Driver#executeTestcase</h3><table class="result"><tr class="param"><th>Parameter #1</th></tr><tr class="param stripe"><td>org.testng.TestRunner@3faf2e7d</td></tr></table><p class="totop"><a href="#summary">back to summary</a></p>
<h3 id="m189">driver.Driver#executeTestcase</h3><table class="result"><tr class="param"><th>Parameter #1</th></tr><tr class="param stripe"><td>org.testng.TestRunner@3faf2e7d</td></tr></table><p class="totop"><a href="#summary">back to summary</a></p>
<h3 id="m190">driver.Driver#executeTestcase</h3><table class="result"><tr class="param"><th>Parameter #1</th></tr><tr class="param stripe"><td>org.testng.TestRunner@3faf2e7d</td></tr></table><p class="totop"><a href="#summary">back to summary</a></p>
<h3 id="m191">driver.Driver#executeTestcase</h3><table class="result"><tr class="param"><th>Parameter #1</th></tr><tr class="param stripe"><td>org.testng.TestRunner@3faf2e7d</td></tr></table><p class="totop"><a href="#summary">back to summary</a></p>
<h3 id="m192">driver.Driver#executeTestcase</h3><table class="result"><tr class="param"><th>Parameter #1</th></tr><tr class="param stripe"><td>org.testng.TestRunner@3faf2e7d</td></tr></table><p class="totop"><a href="#summary">back to summary</a></p>
<h3 id="m193">driver.Driver#executeTestcase</h3><table class="result"><tr class="param"><th>Parameter #1</th></tr><tr class="param stripe"><td>org.testng.TestRunner@3faf2e7d</td></tr></table><p class="totop"><a href="#summary">back to summary</a></p>
<h3 id="m194">driver.Driver#executeTestcase</h3><table class="result"><tr class="param"><th>Parameter #1</th></tr><tr class="param stripe"><td>org.testng.TestRunner@3faf2e7d</td></tr></table><p class="totop"><a href="#summary">back to summary</a></p>
<h3 id="m195">driver.Driver#executeTestcase</h3><table class="result"><tr class="param"><th>Parameter #1</th></tr><tr class="param stripe"><td>org.testng.TestRunner@3faf2e7d</td></tr></table><p class="totop"><a href="#summary">back to summary</a></p>
<h3 id="m196">driver.Driver#executeTestcase</h3><table class="result"><tr class="param"><th>Parameter #1</th></tr><tr class="param stripe"><td>org.testng.TestRunner@3faf2e7d</td></tr></table><p class="totop"><a href="#summary">back to summary</a></p>
<h3 id="m197">driver.Driver#executeTestcase</h3><table class="result"><tr class="param"><th>Parameter #1</th></tr><tr class="param stripe"><td>org.testng.TestRunner@3faf2e7d</td></tr></table><p class="totop"><a href="#summary">back to summary</a></p>
<h3 id="m198">driver.Driver#executeTestcase</h3><table class="result"><tr class="param"><th>Parameter #1</th></tr><tr class="param stripe"><td>org.testng.TestRunner@3faf2e7d</td></tr></table><p class="totop"><a href="#summary">back to summary</a></p>
<h3 id="m199">driver.Driver#executeTestcase</h3><table class="result"><tr class="param"><th>Parameter #1</th></tr><tr class="param stripe"><td>org.testng.TestRunner@3faf2e7d</td></tr></table><p class="totop"><a href="#summary">back to summary</a></p>
<h3 id="m200">driver.Driver#executeTestcase</h3><table class="result"><tr class="param"><th>Parameter #1</th></tr><tr class="param stripe"><td>org.testng.TestRunner@3faf2e7d</td></tr></table><p class="totop"><a href="#summary">back to summary</a></p>
<h3 id="m201">driver.Driver#executeTestcase</h3><table class="result"><tr class="param"><th>Parameter #1</th></tr><tr class="param stripe"><td>org.testng.TestRunner@3faf2e7d</td></tr></table><p class="totop"><a href="#summary">back to summary</a></p>
<h3 id="m202">driver.Driver#executeTestcase</h3><table class="result"><tr class="param"><th>Parameter #1</th></tr><tr class="param stripe"><td>org.testng.TestRunner@3faf2e7d</td></tr></table><p class="totop"><a href="#summary">back to summary</a></p>
<h3 id="m203">driver.Driver#executeTestcase</h3><table class="result"><tr class="param"><th>Parameter #1</th></tr><tr class="param stripe"><td>org.testng.TestRunner@3faf2e7d</td></tr></table><p class="totop"><a href="#summary">back to summary</a></p>
<h3 id="m204">driver.Driver#executeTestcase</h3><table class="result"><tr class="param"><th>Parameter #1</th></tr><tr class="param stripe"><td>org.testng.TestRunner@3faf2e7d</td></tr></table><p class="totop"><a href="#summary">back to summary</a></p>
<h3 id="m205">driver.Driver#executeTestcase</h3><table class="result"><tr class="param"><th>Parameter #1</th></tr><tr class="param stripe"><td>org.testng.TestRunner@3faf2e7d</td></tr></table><p class="totop"><a href="#summary">back to summary</a></p>
<h3 id="m206">driver.Driver#executeTestcase</h3><table class="result"><tr class="param"><th>Parameter #1</th></tr><tr class="param stripe"><td>org.testng.TestRunner@3faf2e7d</td></tr></table><p class="totop"><a href="#summary">back to summary</a></p>
<h3 id="m207">driver.Driver#executeTestcase</h3><table class="result"><tr class="param"><th>Parameter #1</th></tr><tr class="param stripe"><td>org.testng.TestRunner@3faf2e7d</td></tr></table><p class="totop"><a href="#summary">back to summary</a></p>
<h3 id="m208">driver.Driver#executeTestcase</h3><table class="result"><tr class="param"><th>Parameter #1</th></tr><tr class="param stripe"><td>org.testng.TestRunner@3faf2e7d</td></tr></table><p class="totop"><a href="#summary">back to summary</a></p>
<h3 id="m209">driver.Driver#executeTestcase</h3><table class="result"><tr class="param"><th>Parameter #1</th></tr><tr class="param stripe"><td>org.testng.TestRunner@3faf2e7d</td></tr></table><p class="totop"><a href="#summary">back to summary</a></p>
<h3 id="m210">driver.Driver#executeTestcase</h3><table class="result"><tr class="param"><th>Parameter #1</th></tr><tr class="param stripe"><td>org.testng.TestRunner@3faf2e7d</td></tr></table><p class="totop"><a href="#summary">back to summary</a></p>
<h3 id="m211">driver.Driver#executeTestcase</h3><table class="result"><tr class="param"><th>Parameter #1</th></tr><tr class="param stripe"><td>org.testng.TestRunner@3faf2e7d</td></tr></table><p class="totop"><a href="#summary">back to summary</a></p>
<h3 id="m212">driver.Driver#executeTestcase</h3><table class="result"><tr class="param"><th>Parameter #1</th></tr><tr class="param stripe"><td>org.testng.TestRunner@3faf2e7d</td></tr></table><p class="totop"><a href="#summary">back to summary</a></p>
<h3 id="m213">driver.Driver#executeTestcase</h3><table class="result"><tr class="param"><th>Parameter #1</th></tr><tr class="param stripe"><td>org.testng.TestRunner@3faf2e7d</td></tr></table><p class="totop"><a href="#summary">back to summary</a></p>
<h3 id="m214">driver.Driver#executeTestcase</h3><table class="result"><tr class="param"><th>Parameter #1</th></tr><tr class="param stripe"><td>org.testng.TestRunner@3faf2e7d</td></tr></table><p class="totop"><a href="#summary">back to summary</a></p>
<h3 id="m215">driver.Driver#executeTestcase</h3><table class="result"><tr class="param"><th>Parameter #1</th></tr><tr class="param stripe"><td>org.testng.TestRunner@3faf2e7d</td></tr></table><p class="totop"><a href="#summary">back to summary</a></p>
<h3 id="m216">driver.Driver#executeTestcase</h3><table class="result"><tr class="param"><th>Parameter #1</th></tr><tr class="param stripe"><td>org.testng.TestRunner@3faf2e7d</td></tr></table><p class="totop"><a href="#summary">back to summary</a></p>
<h3 id="m217">driver.Driver#executeTestcase</h3><table class="result"><tr class="param"><th>Parameter #1</th></tr><tr class="param stripe"><td>org.testng.TestRunner@3faf2e7d</td></tr></table><p class="totop"><a href="#summary">back to summary</a></p>
<h3 id="m218">driver.Driver#executeTestcase</h3><table class="result"><tr class="param"><th>Parameter #1</th></tr><tr class="param stripe"><td>org.testng.TestRunner@3faf2e7d</td></tr></table><p class="totop"><a href="#summary">back to summary</a></p>
<h3 id="m219">driver.Driver#executeTestcase</h3><table class="result"><tr class="param"><th>Parameter #1</th></tr><tr class="param stripe"><td>org.testng.TestRunner@3faf2e7d</td></tr></table><p class="totop"><a href="#summary">back to summary</a></p>
<h3 id="m220">driver.Driver#executeTestcase</h3><table class="result"><tr class="param"><th>Parameter #1</th></tr><tr class="param stripe"><td>org.testng.TestRunner@3faf2e7d</td></tr></table><p class="totop"><a href="#summary">back to summary</a></p>
<h3 id="m221">driver.Driver#executeTestcase</h3><table class="result"><tr class="param"><th>Parameter #1</th></tr><tr class="param stripe"><td>org.testng.TestRunner@3faf2e7d</td></tr></table><p class="totop"><a href="#summary">back to summary</a></p>
<h3 id="m222">driver.Driver#executeTestcase</h3><table class="result"><tr class="param"><th>Parameter #1</th></tr><tr class="param stripe"><td>org.testng.TestRunner@3faf2e7d</td></tr></table><p class="totop"><a href="#summary">back to summary</a></p>
<h3 id="m223">driver.Driver#executeTestcase</h3><table class="result"><tr class="param"><th>Parameter #1</th></tr><tr class="param stripe"><td>org.testng.TestRunner@3faf2e7d</td></tr></table><p class="totop"><a href="#summary">back to summary</a></p>
<h3 id="m224">driver.Driver#executeTestcase</h3><table class="result"><tr class="param"><th>Parameter #1</th></tr><tr class="param stripe"><td>org.testng.TestRunner@3faf2e7d</td></tr></table><p class="totop"><a href="#summary">back to summary</a></p>
<h3 id="m225">driver.Driver#executeTestcase</h3><table class="result"><tr class="param"><th>Parameter #1</th></tr><tr class="param stripe"><td>org.testng.TestRunner@3faf2e7d</td></tr></table><p class="totop"><a href="#summary">back to summary</a></p>
<h3 id="m226">driver.Driver#executeTestcase</h3><table class="result"><tr class="param"><th>Parameter #1</th></tr><tr class="param stripe"><td>org.testng.TestRunner@3faf2e7d</td></tr></table><p class="totop"><a href="#summary">back to summary</a></p>
<h3 id="m227">driver.Driver#executeTestcase</h3><table class="result"><tr class="param"><th>Parameter #1</th></tr><tr class="param stripe"><td>org.testng.TestRunner@3faf2e7d</td></tr></table><p class="totop"><a href="#summary">back to summary</a></p>
<h3 id="m228">driver.Driver#executeTestcase</h3><table class="result"><tr class="param"><th>Parameter #1</th></tr><tr class="param stripe"><td>org.testng.TestRunner@3faf2e7d</td></tr></table><p class="totop"><a href="#summary">back to summary</a></p>
<h3 id="m229">driver.Driver#executeTestcase</h3><table class="result"><tr class="param"><th>Parameter #1</th></tr><tr class="param stripe"><td>org.testng.TestRunner@3faf2e7d</td></tr></table><p class="totop"><a href="#summary">back to summary</a></p>
<h3 id="m230">driver.Driver#executeTestcase</h3><table class="result"><tr class="param"><th>Parameter #1</th></tr><tr class="param stripe"><td>org.testng.TestRunner@3faf2e7d</td></tr></table><p class="totop"><a href="#summary">back to summary</a></p>
<h3 id="m231">driver.Driver#executeTestcase</h3><table class="result"><tr class="param"><th>Parameter #1</th></tr><tr class="param stripe"><td>org.testng.TestRunner@3faf2e7d</td></tr></table><p class="totop"><a href="#summary">back to summary</a></p>
<h3 id="m232">driver.Driver#executeTestcase</h3><table class="result"><tr class="param"><th>Parameter #1</th></tr><tr class="param stripe"><td>org.testng.TestRunner@3faf2e7d</td></tr></table><p class="totop"><a href="#summary">back to summary</a></p>
<h3 id="m233">driver.Driver#executeTestcase</h3><table class="result"><tr class="param"><th>Parameter #1</th></tr><tr class="param stripe"><td>org.testng.TestRunner@3faf2e7d</td></tr></table><p class="totop"><a href="#summary">back to summary</a></p>
<h3 id="m234">driver.Driver#executeTestcase</h3><table class="result"><tr class="param"><th>Parameter #1</th></tr><tr class="param stripe"><td>org.testng.TestRunner@3faf2e7d</td></tr></table><p class="totop"><a href="#summary">back to summary</a></p>
<h3 id="m235">driver.Driver#executeTestcase</h3><table class="result"><tr class="param"><th>Parameter #1</th></tr><tr class="param stripe"><td>org.testng.TestRunner@3faf2e7d</td></tr></table><p class="totop"><a href="#summary">back to summary</a></p>
<h3 id="m236">driver.Driver#executeTestcase</h3><table class="result"><tr class="param"><th>Parameter #1</th></tr><tr class="param stripe"><td>org.testng.TestRunner@3faf2e7d</td></tr></table><p class="totop"><a href="#summary">back to summary</a></p>
<h3 id="m237">driver.Driver#executeTestcase</h3><table class="result"><tr class="param"><th>Parameter #1</th></tr><tr class="param stripe"><td>org.testng.TestRunner@3faf2e7d</td></tr></table><p class="totop"><a href="#summary">back to summary</a></p>
<h3 id="m238">driver.Driver#executeTestcase</h3><table class="result"><tr class="param"><th>Parameter #1</th></tr><tr class="param stripe"><td>org.testng.TestRunner@3faf2e7d</td></tr></table><p class="totop"><a href="#summary">back to summary</a></p>
<h3 id="m239">driver.Driver#executeTestcase</h3><table class="result"><tr class="param"><th>Parameter #1</th></tr><tr class="param stripe"><td>org.testng.TestRunner@3faf2e7d</td></tr></table><p class="totop"><a href="#summary">back to summary</a></p>
<h3 id="m240">driver.Driver#executeTestcase</h3><table class="result"><tr class="param"><th>Parameter #1</th></tr><tr class="param stripe"><td>org.testng.TestRunner@3faf2e7d</td></tr></table><p class="totop"><a href="#summary">back to summary</a></p>
<h3 id="m241">driver.Driver#executeTestcase</h3><table class="result"><tr class="param"><th>Parameter #1</th></tr><tr class="param stripe"><td>org.testng.TestRunner@3faf2e7d</td></tr></table><p class="totop"><a href="#summary">back to summary</a></p>
<h3 id="m242">driver.Driver#executeTestcase</h3><table class="result"><tr class="param"><th>Parameter #1</th></tr><tr class="param stripe"><td>org.testng.TestRunner@3faf2e7d</td></tr></table><p class="totop"><a href="#summary">back to summary</a></p>
<h3 id="m243">driver.Driver#executeTestcase</h3><table class="result"><tr class="param"><th>Parameter #1</th></tr><tr class="param stripe"><td>org.testng.TestRunner@3faf2e7d</td></tr></table><p class="totop"><a href="#summary">back to summary</a></p>
<h3 id="m244">driver.Driver#executeTestcase</h3><table class="result"><tr class="param"><th>Parameter #1</th></tr><tr class="param stripe"><td>org.testng.TestRunner@3faf2e7d</td></tr></table><p class="totop"><a href="#summary">back to summary</a></p>
<h3 id="m245">driver.Driver#executeTestcase</h3><table class="result"><tr class="param"><th>Parameter #1</th></tr><tr class="param stripe"><td>org.testng.TestRunner@3faf2e7d</td></tr></table><p class="totop"><a href="#summary">back to summary</a></p>
<h3 id="m246">driver.Driver#executeTestcase</h3><table class="result"><tr class="param"><th>Parameter #1</th></tr><tr class="param stripe"><td>org.testng.TestRunner@3faf2e7d</td></tr></table><p class="totop"><a href="#summary">back to summary</a></p>
<h3 id="m247">driver.Driver#executeTestcase</h3><table class="result"><tr class="param"><th>Parameter #1</th></tr><tr class="param stripe"><td>org.testng.TestRunner@3faf2e7d</td></tr></table><p class="totop"><a href="#summary">back to summary</a></p>
<h3 id="m248">driver.Driver#executeTestcase</h3><table class="result"><tr class="param"><th>Parameter #1</th></tr><tr class="param stripe"><td>org.testng.TestRunner@3faf2e7d</td></tr></table><p class="totop"><a href="#summary">back to summary</a></p>
<h3 id="m249">driver.Driver#executeTestcase</h3><table class="result"><tr class="param"><th>Parameter #1</th></tr><tr class="param stripe"><td>org.testng.TestRunner@3faf2e7d</td></tr></table><p class="totop"><a href="#summary">back to summary</a></p>
<h3 id="m250">driver.Driver#executeTestcase</h3><table class="result"><tr class="param"><th>Parameter #1</th></tr><tr class="param stripe"><td>org.testng.TestRunner@3faf2e7d</td></tr></table><p class="totop"><a href="#summary">back to summary</a></p>
<h3 id="m251">driver.Driver#executeTestcase</h3><table class="result"><tr class="param"><th>Parameter #1</th></tr><tr class="param stripe"><td>org.testng.TestRunner@3faf2e7d</td></tr></table><p class="totop"><a href="#summary">back to summary</a></p>
<h3 id="m252">driver.Driver#executeTestcase</h3><table class="result"><tr class="param"><th>Parameter #1</th></tr><tr class="param stripe"><td>org.testng.TestRunner@3faf2e7d</td></tr></table><p class="totop"><a href="#summary">back to summary</a></p>
<h3 id="m253">driver.Driver#executeTestcase</h3><table class="result"><tr class="param"><th>Parameter #1</th></tr><tr class="param stripe"><td>org.testng.TestRunner@3faf2e7d</td></tr></table><p class="totop"><a href="#summary">back to summary</a></p>
<h3 id="m254">driver.Driver#executeTestcase</h3><table class="result"><tr class="param"><th>Parameter #1</th></tr><tr class="param stripe"><td>org.testng.TestRunner@3faf2e7d</td></tr></table><p class="totop"><a href="#summary">back to summary</a></p>
<h3 id="m255">driver.Driver#executeTestcase</h3><table class="result"><tr class="param"><th>Parameter #1</th></tr><tr class="param stripe"><td>org.testng.TestRunner@3faf2e7d</td></tr></table><p class="totop"><a href="#summary">back to summary</a></p>
<h3 id="m256">driver.Driver#executeTestcase</h3><table class="result"><tr class="param"><th>Parameter #1</th></tr><tr class="param stripe"><td>org.testng.TestRunner@3faf2e7d</td></tr></table><p class="totop"><a href="#summary">back to summary</a></p>
<h3 id="m257">driver.Driver#executeTestcase</h3><table class="result"><tr class="param"><th>Parameter #1</th></tr><tr class="param stripe"><td>org.testng.TestRunner@3faf2e7d</td></tr></table><p class="totop"><a href="#summary">back to summary</a></p>
<h3 id="m258">driver.Driver#executeTestcase</h3><table class="result"><tr class="param"><th>Parameter #1</th></tr><tr class="param stripe"><td>org.testng.TestRunner@3faf2e7d</td></tr></table><p class="totop"><a href="#summary">back to summary</a></p>
<h3 id="m259">driver.Driver#executeTestcase</h3><table class="result"><tr class="param"><th>Parameter #1</th></tr><tr class="param stripe"><td>org.testng.TestRunner@3faf2e7d</td></tr></table><p class="totop"><a href="#summary">back to summary</a></p>
<h3 id="m260">driver.Driver#executeTestcase</h3><table class="result"><tr class="param"><th>Parameter #1</th></tr><tr class="param stripe"><td>org.testng.TestRunner@3faf2e7d</td></tr></table><p class="totop"><a href="#summary">back to summary</a></p>
<h3 id="m261">driver.Driver#executeTestcase</h3><table class="result"><tr class="param"><th>Parameter #1</th></tr><tr class="param stripe"><td>org.testng.TestRunner@3faf2e7d</td></tr></table><p class="totop"><a href="#summary">back to summary</a></p>
<h3 id="m262">driver.Driver#executeTestcase</h3><table class="result"><tr class="param"><th>Parameter #1</th></tr><tr class="param stripe"><td>org.testng.TestRunner@3faf2e7d</td></tr></table><p class="totop"><a href="#summary">back to summary</a></p>
<h3 id="m263">driver.Driver#executeTestcase</h3><table class="result"><tr class="param"><th>Parameter #1</th></tr><tr class="param stripe"><td>org.testng.TestRunner@3faf2e7d</td></tr></table><p class="totop"><a href="#summary">back to summary</a></p>
<h3 id="m264">driver.Driver#executeTestcase</h3><table class="result"><tr class="param"><th>Parameter #1</th></tr><tr class="param stripe"><td>org.testng.TestRunner@3faf2e7d</td></tr></table><p class="totop"><a href="#summary">back to summary</a></p>
<h3 id="m265">driver.Driver#executeTestcase</h3><table class="result"><tr class="param"><th>Parameter #1</th></tr><tr class="param stripe"><td>org.testng.TestRunner@3faf2e7d</td></tr></table><p class="totop"><a href="#summary">back to summary</a></p>
<h3 id="m266">driver.Driver#executeTestcase</h3><table class="result"><tr class="param"><th>Parameter #1</th></tr><tr class="param stripe"><td>org.testng.TestRunner@3faf2e7d</td></tr></table><p class="totop"><a href="#summary">back to summary</a></p>
<h3 id="m267">driver.Driver#executeTestcase</h3><table class="result"><tr class="param"><th>Parameter #1</th></tr><tr class="param stripe"><td>org.testng.TestRunner@3faf2e7d</td></tr></table><p class="totop"><a href="#summary">back to summary</a></p>
<h3 id="m268">driver.Driver#executeTestcase</h3><table class="result"><tr class="param"><th>Parameter #1</th></tr><tr class="param stripe"><td>org.testng.TestRunner@3faf2e7d</td></tr></table><p class="totop"><a href="#summary">back to summary</a></p>
<h3 id="m269">driver.Driver#executeTestcase</h3><table class="result"><tr class="param"><th>Parameter #1</th></tr><tr class="param stripe"><td>org.testng.TestRunner@3faf2e7d</td></tr></table><p class="totop"><a href="#summary">back to summary</a></p>
<h3 id="m270">driver.Driver#executeTestcase</h3><table class="result"><tr class="param"><th>Parameter #1</th></tr><tr class="param stripe"><td>org.testng.TestRunner@3faf2e7d</td></tr></table><p class="totop"><a href="#summary">back to summary</a></p>
<h3 id="m271">driver.Driver#executeTestcase</h3><table class="result"><tr class="param"><th>Parameter #1</th></tr><tr class="param stripe"><td>org.testng.TestRunner@3faf2e7d</td></tr></table><p class="totop"><a href="#summary">back to summary</a></p>
<h3 id="m272">driver.Driver#executeTestcase</h3><table class="result"><tr class="param"><th>Parameter #1</th></tr><tr class="param stripe"><td>org.testng.TestRunner@3faf2e7d</td></tr></table><p class="totop"><a href="#summary">back to summary</a></p>
<h3 id="m273">driver.Driver#executeTestcase</h3><table class="result"><tr class="param"><th>Parameter #1</th></tr><tr class="param stripe"><td>org.testng.TestRunner@3faf2e7d</td></tr></table><p class="totop"><a href="#summary">back to summary</a></p>
<h3 id="m274">driver.Driver#executeTestcase</h3><table class="result"><tr class="param"><th>Parameter #1</th></tr><tr class="param stripe"><td>org.testng.TestRunner@3faf2e7d</td></tr></table><p class="totop"><a href="#summary">back to summary</a></p>
<h3 id="m275">driver.Driver#executeTestcase</h3><table class="result"><tr class="param"><th>Parameter #1</th></tr><tr class="param stripe"><td>org.testng.TestRunner@3faf2e7d</td></tr></table><p class="totop"><a href="#summary">back to summary</a></p>
<h3 id="m276">driver.Driver#executeTestcase</h3><table class="result"><tr class="param"><th>Parameter #1</th></tr><tr class="param stripe"><td>org.testng.TestRunner@3faf2e7d</td></tr></table><p class="totop"><a href="#summary">back to summary</a></p>
<h3 id="m277">driver.Driver#executeTestcase</h3><table class="result"><tr class="param"><th>Parameter #1</th></tr><tr class="param stripe"><td>org.testng.TestRunner@3faf2e7d</td></tr></table><p class="totop"><a href="#summary">back to summary</a></p>
<h3 id="m278">driver.Driver#executeTestcase</h3><table class="result"><tr class="param"><th>Parameter #1</th></tr><tr class="param stripe"><td>org.testng.TestRunner@3faf2e7d</td></tr></table><p class="totop"><a href="#summary">back to summary</a></p>
<h3 id="m279">driver.Driver#executeTestcase</h3><table class="result"><tr class="param"><th>Parameter #1</th></tr><tr class="param stripe"><td>org.testng.TestRunner@3faf2e7d</td></tr></table><p class="totop"><a href="#summary">back to summary</a></p>
<h3 id="m280">driver.Driver#executeTestcase</h3><table class="result"><tr class="param"><th>Parameter #1</th></tr><tr class="param stripe"><td>org.testng.TestRunner@3faf2e7d</td></tr></table><p class="totop"><a href="#summary">back to summary</a></p>
<h3 id="m281">driver.Driver#executeTestcase</h3><table class="result"><tr class="param"><th>Parameter #1</th></tr><tr class="param stripe"><td>org.testng.TestRunner@3faf2e7d</td></tr></table><p class="totop"><a href="#summary">back to summary</a></p>
</body>
</html>
